Using pre-set license
Built from '2021.3/staging' branch; Version is '2021.3.16f1 (4016570cf34f) revision 4200023'; Using compiler version '192829333'; Build Type 'Release'
OS: 'Windows 10  (10.0.19044) 64bit Core' Language: 'ja' Physical Memory: 15958 MB
BatchMode: 1, IsHumanControllingUs: 0, StartBugReporterOnCrash: 0, Is64bit: 1, IsPro: 1

COMMAND LINE ARGUMENTS:
D:\2021.3.16f1\Editor\Unity.exe
-adb2
-batchMode
-noUpm
-name
AssetImportWorker6
-projectPath
D:/Unity自作ゲーム/2023_Spring
-logFile
Logs/AssetImportWorker6.log
-srvPort
50393
Successfully changed project path to: D:/Unity自作ゲーム/2023_Spring
D:/Unity自作ゲーム/2023_Spring
[UnityMemory] Configuration Parameters - Can be set up in boot.config
    "memorysetup-bucket-allocator-granularity=16"
    "memorysetup-bucket-allocator-bucket-count=8"
    "memorysetup-bucket-allocator-block-size=33554432"
    "memorysetup-bucket-allocator-block-count=8"
    "memorysetup-main-allocator-block-size=16777216"
    "memorysetup-thread-allocator-block-size=16777216"
    "memorysetup-gfx-main-allocator-block-size=16777216"
    "memorysetup-gfx-thread-allocator-block-size=16777216"
    "memorysetup-cache-allocator-block-size=4194304"
    "memorysetup-typetree-allocator-block-size=2097152"
    "memorysetup-profiler-bucket-allocator-granularity=16"
    "memorysetup-profiler-bucket-allocator-bucket-count=8"
    "memorysetup-profiler-bucket-allocator-block-size=33554432"
    "memorysetup-profiler-bucket-allocator-block-count=8"
    "memorysetup-profiler-allocator-block-size=16777216"
    "memorysetup-profiler-editor-allocator-block-size=1048576"
    "memorysetup-temp-allocator-size-main=16777216"
    "memorysetup-job-temp-allocator-block-size=2097152"
    "memorysetup-job-temp-allocator-block-size-background=1048576"
    "memorysetup-job-temp-allocator-reduction-small-platforms=262144"
    "memorysetup-temp-allocator-size-background-worker=32768"
    "memorysetup-temp-allocator-size-job-worker=262144"
    "memorysetup-temp-allocator-size-preload-manager=33554432"
    "memorysetup-temp-allocator-size-nav-mesh-worker=65536"
    "memorysetup-temp-allocator-size-audio-worker=65536"
    "memorysetup-temp-allocator-size-cloud-worker=32768"
    "memorysetup-temp-allocator-size-gi-baking-worker=262144"
    "memorysetup-temp-allocator-size-gfx=262144"
Player connection [33356] Host "[IP] 192.168.10.101 [Port] 0 [Flags] 2 [Guid] 2739028256 [EditorId] 2739028256 [Version] 1048832 [Id] WindowsEditor(7,DESKTOP-4IH0O9C) [Debug] 1 [PackageName] WindowsEditor [ProjectName] Editor" joined multi-casting on [225.0.0.222:54997]...

Player connection [33356] Host "[IP] 192.168.10.101 [Port] 0 [Flags] 2 [Guid] 2739028256 [EditorId] 2739028256 [Version] 1048832 [Id] WindowsEditor(7,DESKTOP-4IH0O9C) [Debug] 1 [PackageName] WindowsEditor [ProjectName] Editor" joined alternative multi-casting on [225.0.0.222:34997]...

Refreshing native plugins compatible for Editor in 73.30 ms, found 3 plugins.
Preloading 0 native plugins for Editor in 0.00 ms.
Initialize engine version: 2021.3.16f1 (4016570cf34f)
[Subsystems] Discovering subsystems at path D:/2021.3.16f1/Editor/Data/Resources/UnitySubsystems
[Subsystems] Discovering subsystems at path D:/Unity自作ゲーム/2023_Spring/Assets
GfxDevice: creating device client; threaded=0; jobified=0
Direct3D:
    Version:  Direct3D 11.0 [level 11.1]
    Renderer: NVIDIA GeForce RTX 3060 Laptop GPU (ID=0x2520)
    Vendor:   NVIDIA
    VRAM:     6023 MB
    Driver:   30.0.14.7141
Initialize mono
Mono path[0] = 'D:/2021.3.16f1/Editor/Data/Managed'
Mono path[1] = 'D:/2021.3.16f1/Editor/Data/MonoBleedingEdge/lib/mono/unityjit-win32'
Mono config path = 'D:/2021.3.16f1/Editor/Data/MonoBleedingEdge/etc'
Using monoOptions --debugger-agent=transport=dt_socket,embedding=1,server=y,suspend=n,address=127.0.0.1:56668
Begin MonoManager ReloadAssembly
Registering precompiled unity dll's ...
Register platform support module: D:/2021.3.16f1/Editor/Data/PlaybackEngines/WindowsStandaloneSupport/UnityEditor.WindowsStandalone.Extensions.dll
Registered in 0.001572 seconds.
Native extension for WindowsStandalone target not found
Refreshing native plugins compatible for Editor in 68.35 ms, found 3 plugins.
Preloading 0 native plugins for Editor in 0.00 ms.
Mono: successfully reloaded assembly
- Completed reload, in  0.457 seconds
Domain Reload Profiling:
	ReloadAssembly (458ms)
		BeginReloadAssembly (51ms)
			ExecutionOrderSort (0ms)
			DisableScriptedObjects (0ms)
			BackupInstance (0ms)
			ReleaseScriptingObjects (0ms)
			CreateAndSetChildDomain (1ms)
		EndReloadAssembly (331ms)
			LoadAssemblies (51ms)
			RebuildTransferFunctionScriptingTraits (0ms)
			SetupTypeCache (76ms)
			ReleaseScriptCaches (0ms)
			RebuildScriptCaches (22ms)
			SetupLoadedEditorAssemblies (198ms)
				LogAssemblyErrors (0ms)
				InitializePlatformSupportModulesInManaged (5ms)
				SetLoadedEditorAssemblies (0ms)
				RefreshPlugins (68ms)
				BeforeProcessingInitializeOnLoad (1ms)
				ProcessInitializeOnLoadAttributes (90ms)
				ProcessInitializeOnLoadMethodAttributes (33ms)
				AfterProcessingInitializeOnLoad (0ms)
				EditorAssembliesLoaded (0ms)
			ExecutionOrderSort2 (0ms)
			AwakeInstancesAfterBackupRestoration (0ms)
Platform modules already initialized, skipping
Registering precompiled user dll's ...
Registered in 0.003228 seconds.
Begin MonoManager ReloadAssembly
Symbol file LoadedFromMemory doesn't match image D:\Unity自作ゲーム\2023_Spring\Library\PackageCache\com.unity.visualscripting@1.7.8\Editor\VisualScripting.Core\Dependencies\YamlDotNet\Unity.VisualScripting.YamlDotNet.dll
Symbol file LoadedFromMemory doesn't match image D:\Unity自作ゲーム\2023_Spring\Library\PackageCache\com.unity.visualscripting@1.7.8\Editor\VisualScripting.Core\Dependencies\DotNetZip\Unity.VisualScripting.IonicZip.dll
Native extension for WindowsStandalone target not found
Refreshing native plugins compatible for Editor in 0.90 ms, found 3 plugins.
Preloading 0 native plugins for Editor in 0.00 ms.
Mono: successfully reloaded assembly
- Completed reload, in  0.832 seconds
Domain Reload Profiling:
	ReloadAssembly (833ms)
		BeginReloadAssembly (81ms)
			ExecutionOrderSort (0ms)
			DisableScriptedObjects (4ms)
			BackupInstance (0ms)
			ReleaseScriptingObjects (0ms)
			CreateAndSetChildDomain (16ms)
		EndReloadAssembly (669ms)
			LoadAssemblies (58ms)
			RebuildTransferFunctionScriptingTraits (0ms)
			SetupTypeCache (198ms)
			ReleaseScriptCaches (1ms)
			RebuildScriptCaches (45ms)
			SetupLoadedEditorAssemblies (338ms)
				LogAssemblyErrors (0ms)
				InitializePlatformSupportModulesInManaged (4ms)
				SetLoadedEditorAssemblies (1ms)
				RefreshPlugins (1ms)
				BeforeProcessingInitializeOnLoad (87ms)
				ProcessInitializeOnLoadAttributes (221ms)
				ProcessInitializeOnLoadMethodAttributes (22ms)
				AfterProcessingInitializeOnLoad (2ms)
				EditorAssembliesLoaded (0ms)
			ExecutionOrderSort2 (0ms)
			AwakeInstancesAfterBackupRestoration (5ms)
Platform modules already initialized, skipping
========================================================================
Worker process is ready to serve import requests
Launched and connected shader compiler UnityShaderCompiler.exe after 0.04 seconds
Refreshing native plugins compatible for Editor in 0.62 ms, found 3 plugins.
Preloading 0 native plugins for Editor in 0.00 ms.
Unloading 3547 Unused Serialized files (Serialized files now loaded: 0)
Unloading 40 unused Assets / (185.5 KB). Loaded Objects now: 4008.
Memory consumption went from 129.5 MB to 129.3 MB.
Total: 2.758100 ms (FindLiveObjects: 0.255400 ms CreateObjectMapping: 0.113200 ms MarkObjects: 2.267100 ms  DeleteObjects: 0.121700 ms)

AssetImportParameters requested are different than current active one (requested -> active):
  custom:video-decoder-ogg-theora: a1e56fd34408186e4bbccfd4996cb3dc -> 
  custom:container-muxer-webm: aa71ff27fc2769a1b78a27578f13a17b -> 
  custom:container-demuxer-webm: 4f35f7cbe854078d1ac9338744f61a02 -> 
  custom:video-encoder-webm-vp8: eb34c28f22e8b96e1ab97ce403110664 -> 
  custom:video-codec-MediaFoundation-h265: 746d11721c4dcdbdad8f713fa42b33f4 -> 
  custom:audio-encoder-webm-vorbis: bf7c407c2cedff20999df2af8eb42d56 -> 
  custom:framework-win-MediaFoundation: 216162199b28c13a410421893ffa2e32 -> 
  custom:container-demuxer-ogg: 62fdf1f143b41e24485cea50d1cbac27 -> 
  custom:video-decoder-webm-vp8: 9c59270c3fd7afecdb556c50c9e8de78 -> 
  custom:audio-decoder-ogg-vorbis: bf7c407c2cedff20999df2af8eb42d56 -> 
========================================================================
Received Import Request.
  Time since last request: 18741.852021 seconds.
  path: Assets/Decrepit Dungeon LITE/Prefabs/Pillars/Pillar_B.prefab
  artifactKey: Guid(53746ac7859e04242b72e4c4599eb06c) Importer(815301076,1909f56bfc062723c751e8b465ee728b)
Start importing Assets/Decrepit Dungeon LITE/Prefabs/Pillars/Pillar_B.prefab using Guid(53746ac7859e04242b72e4c4599eb06c) Importer(815301076,1909f56bfc062723c751e8b465ee728b)  -> (artifact id: 'cd7f85d946a2f990842e75fdf583f57d') in 0.107945 seconds 
========================================================================
Received Import Request.
  Time since last request: 2.124147 seconds.
  path: Assets/Decrepit Dungeon LITE/Prefabs/Floors/Floor_B.prefab
  artifactKey: Guid(c8fcb67cb3d648b4b87d500ece16b15f) Importer(815301076,1909f56bfc062723c751e8b465ee728b)
Start importing Assets/Decrepit Dungeon LITE/Prefabs/Floors/Floor_B.prefab using Guid(c8fcb67cb3d648b4b87d500ece16b15f) Importer(815301076,1909f56bfc062723c751e8b465ee728b)  -> (artifact id: '10f8e43197bf5b0b6aa5e1610351a90e') in 0.011504 seconds 
========================================================================
Received Import Request.
  Time since last request: 6.488651 seconds.
  path: Assets/Decrepit Dungeon LITE/Prefabs/Doorways/Doorway_B.prefab
  artifactKey: Guid(d82e2c8f3a0a74d47b5cc1efbc1b13c8) Importer(815301076,1909f56bfc062723c751e8b465ee728b)
Start importing Assets/Decrepit Dungeon LITE/Prefabs/Doorways/Doorway_B.prefab using Guid(d82e2c8f3a0a74d47b5cc1efbc1b13c8) Importer(815301076,1909f56bfc062723c751e8b465ee728b)  -> (artifact id: '6fe1c424477f745d68f52705e4e57b4e') in 0.015540 seconds 
========================================================================
Received Import Request.
  Time since last request: 1.107323 seconds.
  path: Assets/Decrepit Dungeon LITE/Prefabs/Doors/Door_B.prefab
  artifactKey: Guid(4f13c956f2c771542a07a197a4d6fdf5) Importer(815301076,1909f56bfc062723c751e8b465ee728b)
Start importing Assets/Decrepit Dungeon LITE/Prefabs/Doors/Door_B.prefab using Guid(4f13c956f2c771542a07a197a4d6fdf5) Importer(815301076,1909f56bfc062723c751e8b465ee728b)  -> (artifact id: '161b6ce11a55bb9803b179ce9eef582a') in 0.014604 seconds 
========================================================================
Received Import Request.
  Time since last request: 4.278861 seconds.
  path: Assets/Decrepit Dungeon LITE/Prefabs/Decals/Grunge_B.prefab
  artifactKey: Guid(8b03b78473aa7d8438af631387982438) Importer(815301076,1909f56bfc062723c751e8b465ee728b)
Start importing Assets/Decrepit Dungeon LITE/Prefabs/Decals/Grunge_B.prefab using Guid(8b03b78473aa7d8438af631387982438) Importer(815301076,1909f56bfc062723c751e8b465ee728b)  -> (artifact id: '2a4d9123f597b458177213b2a15c0f9e') in 0.012743 seconds 
========================================================================
Received Import Request.
  Time since last request: 0.000022 seconds.
  path: Assets/Decrepit Dungeon LITE/Prefabs/Decals/Hay_C.prefab
  artifactKey: Guid(277581e3138a61f46878277a7d68a675) Importer(815301076,1909f56bfc062723c751e8b465ee728b)
Start importing Assets/Decrepit Dungeon LITE/Prefabs/Decals/Hay_C.prefab using Guid(277581e3138a61f46878277a7d68a675) Importer(815301076,1909f56bfc062723c751e8b465ee728b)  -> (artifact id: '853d1c37796e0c871b3143e17ff3d8fe') in 0.035054 seconds 
========================================================================
Received Import Request.
  Time since last request: 4.908308 seconds.
  path: Assets/Decrepit Dungeon LITE/Prefabs/Arches/Arch_B.prefab
  artifactKey: Guid(6ed801d9e01258a469e4ac74492f5e64) Importer(815301076,1909f56bfc062723c751e8b465ee728b)
Start importing Assets/Decrepit Dungeon LITE/Prefabs/Arches/Arch_B.prefab using Guid(6ed801d9e01258a469e4ac74492f5e64) Importer(815301076,1909f56bfc062723c751e8b465ee728b)  -> (artifact id: 'c2d1ac6db5b3bb363276990faaecb3a2') in 0.015171 seconds 
========================================================================
Received Import Request.
  Time since last request: 21.768705 seconds.
  path: Assets/Decrepit Dungeon LITE/Prefabs/Walls/Dungeon_Tunnel_A.prefab
  artifactKey: Guid(18a3408f13d3db04f8f6c199a67986b1) Importer(815301076,1909f56bfc062723c751e8b465ee728b)
Start importing Assets/Decrepit Dungeon LITE/Prefabs/Walls/Dungeon_Tunnel_A.prefab using Guid(18a3408f13d3db04f8f6c199a67986b1) Importer(815301076,1909f56bfc062723c751e8b465ee728b)  -> (artifact id: '9ed88481aa6b73e90ef14d2413128273') in 0.009371 seconds 
========================================================================
Received Import Request.
  Time since last request: 0.000016 seconds.
  path: Assets/Decrepit Dungeon LITE/Prefabs/Walls/Wall_A_Roundabout.prefab
  artifactKey: Guid(57823a6a1276b094c8239dc3e66b32dd) Importer(815301076,1909f56bfc062723c751e8b465ee728b)
Start importing Assets/Decrepit Dungeon LITE/Prefabs/Walls/Wall_A_Roundabout.prefab using Guid(57823a6a1276b094c8239dc3e66b32dd) Importer(815301076,1909f56bfc062723c751e8b465ee728b)  -> (artifact id: '208dd65a3e53ee8a8910c1e3c8535dfa') in 0.010946 seconds 
========================================================================
Received Import Request.
  Time since last request: 0.000016 seconds.
  path: Assets/Decrepit Dungeon LITE/Prefabs/Walls/Wall_D.prefab
  artifactKey: Guid(62f525a5c612fb04d9041a1e55c345c4) Importer(815301076,1909f56bfc062723c751e8b465ee728b)
Start importing Assets/Decrepit Dungeon LITE/Prefabs/Walls/Wall_D.prefab using Guid(62f525a5c612fb04d9041a1e55c345c4) Importer(815301076,1909f56bfc062723c751e8b465ee728b)  -> (artifact id: '50d50eebfc619a3300303cb0f49d4f92') in 0.012092 seconds 
========================================================================
Received Import Request.
  Time since last request: 0.000016 seconds.
  path: Assets/Decrepit Dungeon LITE/Prefabs/Walls/Wall_E.prefab
  artifactKey: Guid(b3680b2b693885140a0abe782d406308) Importer(815301076,1909f56bfc062723c751e8b465ee728b)
Start importing Assets/Decrepit Dungeon LITE/Prefabs/Walls/Wall_E.prefab using Guid(b3680b2b693885140a0abe782d406308) Importer(815301076,1909f56bfc062723c751e8b465ee728b)  -> (artifact id: '83b8d28f20e4b8f249051052f861a2a0') in 0.011276 seconds 
Editor requested this worker to shutdown with reason: Scaling down because of idle timeout
AssetImportWorker is now disconnected from the server
Process exiting
Exiting without the bug reporter. Application will terminate with return code 0