Using pre-set license
Built from '2021.3/staging' branch; Version is '2021.3.16f1 (4016570cf34f) revision 4200023'; Using compiler version '192829333'; Build Type 'Release'
OS: 'Windows 10  (10.0.19044) 64bit Core' Language: 'ja' Physical Memory: 15958 MB
BatchMode: 1, IsHumanControllingUs: 0, StartBugReporterOnCrash: 0, Is64bit: 1, IsPro: 1

COMMAND LINE ARGUMENTS:
D:\2021.3.16f1\Editor\Unity.exe
-adb2
-batchMode
-noUpm
-name
AssetImportWorker1
-projectPath
D:/Unity自作ゲーム/2023_Spring
-logFile
Logs/AssetImportWorker1.log
-srvPort
50393
Successfully changed project path to: D:/Unity自作ゲーム/2023_Spring
D:/Unity自作ゲーム/2023_Spring
[UnityMemory] Configuration Parameters - Can be set up in boot.config
    "memorysetup-bucket-allocator-granularity=16"
    "memorysetup-bucket-allocator-bucket-count=8"
    "memorysetup-bucket-allocator-block-size=33554432"
    "memorysetup-bucket-allocator-block-count=8"
    "memorysetup-main-allocator-block-size=16777216"
    "memorysetup-thread-allocator-block-size=16777216"
    "memorysetup-gfx-main-allocator-block-size=16777216"
    "memorysetup-gfx-thread-allocator-block-size=16777216"
    "memorysetup-cache-allocator-block-size=4194304"
    "memorysetup-typetree-allocator-block-size=2097152"
    "memorysetup-profiler-bucket-allocator-granularity=16"
    "memorysetup-profiler-bucket-allocator-bucket-count=8"
    "memorysetup-profiler-bucket-allocator-block-size=33554432"
    "memorysetup-profiler-bucket-allocator-block-count=8"
    "memorysetup-profiler-allocator-block-size=16777216"
    "memorysetup-profiler-editor-allocator-block-size=1048576"
    "memorysetup-temp-allocator-size-main=16777216"
    "memorysetup-job-temp-allocator-block-size=2097152"
    "memorysetup-job-temp-allocator-block-size-background=1048576"
    "memorysetup-job-temp-allocator-reduction-small-platforms=262144"
    "memorysetup-temp-allocator-size-background-worker=32768"
    "memorysetup-temp-allocator-size-job-worker=262144"
    "memorysetup-temp-allocator-size-preload-manager=33554432"
    "memorysetup-temp-allocator-size-nav-mesh-worker=65536"
    "memorysetup-temp-allocator-size-audio-worker=65536"
    "memorysetup-temp-allocator-size-cloud-worker=32768"
    "memorysetup-temp-allocator-size-gi-baking-worker=262144"
    "memorysetup-temp-allocator-size-gfx=262144"
Player connection [19772] Host "[IP] 192.168.10.101 [Port] 0 [Flags] 2 [Guid] 1650657721 [EditorId] 1650657721 [Version] 1048832 [Id] WindowsEditor(7,DESKTOP-4IH0O9C) [Debug] 1 [PackageName] WindowsEditor [ProjectName] Editor" joined multi-casting on [225.0.0.222:54997]...

Player connection [19772] Host "[IP] 192.168.10.101 [Port] 0 [Flags] 2 [Guid] 1650657721 [EditorId] 1650657721 [Version] 1048832 [Id] WindowsEditor(7,DESKTOP-4IH0O9C) [Debug] 1 [PackageName] WindowsEditor [ProjectName] Editor" joined alternative multi-casting on [225.0.0.222:34997]...

Refreshing native plugins compatible for Editor in 70.50 ms, found 3 plugins.
Preloading 0 native plugins for Editor in 0.00 ms.
Initialize engine version: 2021.3.16f1 (4016570cf34f)
[Subsystems] Discovering subsystems at path D:/2021.3.16f1/Editor/Data/Resources/UnitySubsystems
[Subsystems] Discovering subsystems at path D:/Unity自作ゲーム/2023_Spring/Assets
GfxDevice: creating device client; threaded=0; jobified=0
Direct3D:
    Version:  Direct3D 11.0 [level 11.1]
    Renderer: NVIDIA GeForce RTX 3060 Laptop GPU (ID=0x2520)
    Vendor:   NVIDIA
    VRAM:     6023 MB
    Driver:   30.0.14.7141
Initialize mono
Mono path[0] = 'D:/2021.3.16f1/Editor/Data/Managed'
Mono path[1] = 'D:/2021.3.16f1/Editor/Data/MonoBleedingEdge/lib/mono/unityjit-win32'
Mono config path = 'D:/2021.3.16f1/Editor/Data/MonoBleedingEdge/etc'
Using monoOptions --debugger-agent=transport=dt_socket,embedding=1,server=y,suspend=n,address=127.0.0.1:56656
Begin MonoManager ReloadAssembly
Registering precompiled unity dll's ...
Register platform support module: D:/2021.3.16f1/Editor/Data/PlaybackEngines/WindowsStandaloneSupport/UnityEditor.WindowsStandalone.Extensions.dll
Registered in 0.001409 seconds.
Native extension for WindowsStandalone target not found
Refreshing native plugins compatible for Editor in 68.97 ms, found 3 plugins.
Preloading 0 native plugins for Editor in 0.00 ms.
Mono: successfully reloaded assembly
- Completed reload, in  0.466 seconds
Domain Reload Profiling:
	ReloadAssembly (466ms)
		BeginReloadAssembly (53ms)
			ExecutionOrderSort (0ms)
			DisableScriptedObjects (0ms)
			BackupInstance (0ms)
			ReleaseScriptingObjects (0ms)
			CreateAndSetChildDomain (1ms)
		EndReloadAssembly (338ms)
			LoadAssemblies (52ms)
			RebuildTransferFunctionScriptingTraits (0ms)
			SetupTypeCache (77ms)
			ReleaseScriptCaches (0ms)
			RebuildScriptCaches (22ms)
			SetupLoadedEditorAssemblies (204ms)
				LogAssemblyErrors (0ms)
				InitializePlatformSupportModulesInManaged (5ms)
				SetLoadedEditorAssemblies (0ms)
				RefreshPlugins (69ms)
				BeforeProcessingInitializeOnLoad (1ms)
				ProcessInitializeOnLoadAttributes (94ms)
				ProcessInitializeOnLoadMethodAttributes (34ms)
				AfterProcessingInitializeOnLoad (0ms)
				EditorAssembliesLoaded (0ms)
			ExecutionOrderSort2 (0ms)
			AwakeInstancesAfterBackupRestoration (0ms)
Platform modules already initialized, skipping
Registering precompiled user dll's ...
Registered in 0.003284 seconds.
Begin MonoManager ReloadAssembly
Symbol file LoadedFromMemory doesn't match image D:\Unity自作ゲーム\2023_Spring\Library\PackageCache\com.unity.visualscripting@1.7.8\Editor\VisualScripting.Core\Dependencies\YamlDotNet\Unity.VisualScripting.YamlDotNet.dll
Symbol file LoadedFromMemory doesn't match image D:\Unity自作ゲーム\2023_Spring\Library\PackageCache\com.unity.visualscripting@1.7.8\Editor\VisualScripting.Core\Dependencies\DotNetZip\Unity.VisualScripting.IonicZip.dll
Native extension for WindowsStandalone target not found
Refreshing native plugins compatible for Editor in 0.66 ms, found 3 plugins.
Preloading 0 native plugins for Editor in 0.00 ms.
Mono: successfully reloaded assembly
- Completed reload, in  0.845 seconds
Domain Reload Profiling:
	ReloadAssembly (845ms)
		BeginReloadAssembly (84ms)
			ExecutionOrderSort (0ms)
			DisableScriptedObjects (4ms)
			BackupInstance (0ms)
			ReleaseScriptingObjects (0ms)
			CreateAndSetChildDomain (17ms)
		EndReloadAssembly (676ms)
			LoadAssemblies (62ms)
			RebuildTransferFunctionScriptingTraits (0ms)
			SetupTypeCache (211ms)
			ReleaseScriptCaches (1ms)
			RebuildScriptCaches (84ms)
			SetupLoadedEditorAssemblies (288ms)
				LogAssemblyErrors (0ms)
				InitializePlatformSupportModulesInManaged (3ms)
				SetLoadedEditorAssemblies (0ms)
				RefreshPlugins (1ms)
				BeforeProcessingInitializeOnLoad (67ms)
				ProcessInitializeOnLoadAttributes (193ms)
				ProcessInitializeOnLoadMethodAttributes (21ms)
				AfterProcessingInitializeOnLoad (2ms)
				EditorAssembliesLoaded (0ms)
			ExecutionOrderSort2 (0ms)
			AwakeInstancesAfterBackupRestoration (6ms)
Platform modules already initialized, skipping
========================================================================
Worker process is ready to serve import requests
Launched and connected shader compiler UnityShaderCompiler.exe after 0.04 seconds
Refreshing native plugins compatible for Editor in 0.61 ms, found 3 plugins.
Preloading 0 native plugins for Editor in 0.00 ms.
Unloading 3547 Unused Serialized files (Serialized files now loaded: 0)
Unloading 40 unused Assets / (184.6 KB). Loaded Objects now: 4007.
Memory consumption went from 129.4 MB to 129.2 MB.
Total: 2.989600 ms (FindLiveObjects: 0.251800 ms CreateObjectMapping: 0.087300 ms MarkObjects: 2.523500 ms  DeleteObjects: 0.126200 ms)

AssetImportParameters requested are different than current active one (requested -> active):
  custom:video-decoder-ogg-theora: a1e56fd34408186e4bbccfd4996cb3dc -> 
  custom:container-muxer-webm: aa71ff27fc2769a1b78a27578f13a17b -> 
  custom:container-demuxer-webm: 4f35f7cbe854078d1ac9338744f61a02 -> 
  custom:video-encoder-webm-vp8: eb34c28f22e8b96e1ab97ce403110664 -> 
  custom:video-codec-MediaFoundation-h265: 746d11721c4dcdbdad8f713fa42b33f4 -> 
  custom:audio-encoder-webm-vorbis: bf7c407c2cedff20999df2af8eb42d56 -> 
  custom:framework-win-MediaFoundation: 216162199b28c13a410421893ffa2e32 -> 
  custom:container-demuxer-ogg: 62fdf1f143b41e24485cea50d1cbac27 -> 
  custom:video-decoder-webm-vp8: 9c59270c3fd7afecdb556c50c9e8de78 -> 
  custom:audio-decoder-ogg-vorbis: bf7c407c2cedff20999df2af8eb42d56 -> 
========================================================================
Received Import Request.
  Time since last request: 18100.608774 seconds.
  path: Assets/CinemachineLensPresets.asset
  artifactKey: Guid(163f7dec40c247647829e3e60a422a84) Importer(815301076,1909f56bfc062723c751e8b465ee728b)
Start importing Assets/CinemachineLensPresets.asset using Guid(163f7dec40c247647829e3e60a422a84) Importer(815301076,1909f56bfc062723c751e8b465ee728b)  -> (artifact id: 'ab63bde6bf6cb80c3d9f0721c4d5bfa4') in 0.024670 seconds 
========================================================================
Received Prepare
Registering precompiled user dll's ...
Registered in 0.003226 seconds.
Begin MonoManager ReloadAssembly
Symbol file LoadedFromMemory doesn't match image D:\Unity自作ゲーム\2023_Spring\Library\PackageCache\com.unity.visualscripting@1.7.8\Editor\VisualScripting.Core\Dependencies\YamlDotNet\Unity.VisualScripting.YamlDotNet.dll
Symbol file LoadedFromMemory doesn't match image D:\Unity自作ゲーム\2023_Spring\Library\PackageCache\com.unity.visualscripting@1.7.8\Editor\VisualScripting.Core\Dependencies\DotNetZip\Unity.VisualScripting.IonicZip.dll
Native extension for WindowsStandalone target not found
Refreshing native plugins compatible for Editor in 0.53 ms, found 3 plugins.
Preloading 0 native plugins for Editor in 0.00 ms.
Mono: successfully reloaded assembly
- Completed reload, in  0.802 seconds
Domain Reload Profiling:
	ReloadAssembly (803ms)
		BeginReloadAssembly (106ms)
			ExecutionOrderSort (0ms)
			DisableScriptedObjects (4ms)
			BackupInstance (0ms)
			ReleaseScriptingObjects (0ms)
			CreateAndSetChildDomain (33ms)
		EndReloadAssembly (620ms)
			LoadAssemblies (61ms)
			RebuildTransferFunctionScriptingTraits (0ms)
			SetupTypeCache (220ms)
			ReleaseScriptCaches (1ms)
			RebuildScriptCaches (36ms)
			SetupLoadedEditorAssemblies (272ms)
				LogAssemblyErrors (0ms)
				InitializePlatformSupportModulesInManaged (9ms)
				SetLoadedEditorAssemblies (0ms)
				RefreshPlugins (1ms)
				BeforeProcessingInitializeOnLoad (52ms)
				ProcessInitializeOnLoadAttributes (186ms)
				ProcessInitializeOnLoadMethodAttributes (22ms)
				AfterProcessingInitializeOnLoad (2ms)
				EditorAssembliesLoaded (0ms)
			ExecutionOrderSort2 (0ms)
			AwakeInstancesAfterBackupRestoration (5ms)
Platform modules already initialized, skipping
Refreshing native plugins compatible for Editor in 1.43 ms, found 3 plugins.
Preloading 0 native plugins for Editor in 0.00 ms.
Unloading 3531 Unused Serialized files (Serialized files now loaded: 0)
Unloading 21 unused Assets / (151.4 KB). Loaded Objects now: 4023.
Memory consumption went from 128.1 MB to 128.0 MB.
Total: 2.480800 ms (FindLiveObjects: 0.221700 ms CreateObjectMapping: 0.108900 ms MarkObjects: 2.047500 ms  DeleteObjects: 0.101300 ms)

AssetImportParameters requested are different than current active one (requested -> active):
  custom:video-decoder-ogg-theora: a1e56fd34408186e4bbccfd4996cb3dc -> 
  custom:container-muxer-webm: aa71ff27fc2769a1b78a27578f13a17b -> 
  custom:container-demuxer-webm: 4f35f7cbe854078d1ac9338744f61a02 -> 
  custom:video-encoder-webm-vp8: eb34c28f22e8b96e1ab97ce403110664 -> 
  custom:video-codec-MediaFoundation-h265: 746d11721c4dcdbdad8f713fa42b33f4 -> 
  custom:audio-encoder-webm-vorbis: bf7c407c2cedff20999df2af8eb42d56 -> 
  custom:framework-win-MediaFoundation: 216162199b28c13a410421893ffa2e32 -> 
  custom:container-demuxer-ogg: 62fdf1f143b41e24485cea50d1cbac27 -> 
  custom:video-decoder-webm-vp8: 9c59270c3fd7afecdb556c50c9e8de78 -> 
  custom:audio-decoder-ogg-vorbis: bf7c407c2cedff20999df2af8eb42d56 -> 
========================================================================
Received Import Request.
  Time since last request: 97.243069 seconds.
  path: Assets/Decrepit Dungeon LITE/Prefabs/Floors/Floor_B.prefab
  artifactKey: Guid(c8fcb67cb3d648b4b87d500ece16b15f) Importer(815301076,1909f56bfc062723c751e8b465ee728b)
Start importing Assets/Decrepit Dungeon LITE/Prefabs/Floors/Floor_B.prefab using Guid(c8fcb67cb3d648b4b87d500ece16b15f) Importer(815301076,1909f56bfc062723c751e8b465ee728b)  -> (artifact id: '6e7711d6adf60fb6b312bdae2dfe210c') in 0.243686 seconds 
========================================================================
Received Import Request.
  Time since last request: 0.000019 seconds.
  path: Assets/Decrepit Dungeon LITE/Prefabs/Floors/Floor_C.prefab
  artifactKey: Guid(f5507bdcafa59ee4796ef124f9fa7d3c) Importer(815301076,1909f56bfc062723c751e8b465ee728b)
Start importing Assets/Decrepit Dungeon LITE/Prefabs/Floors/Floor_C.prefab using Guid(f5507bdcafa59ee4796ef124f9fa7d3c) Importer(815301076,1909f56bfc062723c751e8b465ee728b)  -> (artifact id: 'ae2ba9559eb1997894a3e2bf7366df16') in 0.013649 seconds 
========================================================================
Received Import Request.
  Time since last request: 20.635217 seconds.
  path: Assets/Decrepit Dungeon LITE/Meshes/Decals.fbx
  artifactKey: Guid(31e01063660b8bb42bc039ae91e2e6d4) Importer(815301076,1909f56bfc062723c751e8b465ee728b)
Start importing Assets/Decrepit Dungeon LITE/Meshes/Decals.fbx using Guid(31e01063660b8bb42bc039ae91e2e6d4) Importer(815301076,1909f56bfc062723c751e8b465ee728b)  -> (artifact id: '04e6c6014936ff9fff9507552d894359') in 0.336945 seconds 
========================================================================
Received Import Request.
  Time since last request: 0.000025 seconds.
  path: Assets/Decrepit Dungeon LITE/Meshes/Stairs.fbx
  artifactKey: Guid(cbcb05563ab6bb046867a0b483b15cd2) Importer(815301076,1909f56bfc062723c751e8b465ee728b)
Start importing Assets/Decrepit Dungeon LITE/Meshes/Stairs.fbx using Guid(cbcb05563ab6bb046867a0b483b15cd2) Importer(815301076,1909f56bfc062723c751e8b465ee728b)  -> (artifact id: '750b65579e25568965b853235b130880') in 0.050005 seconds 
========================================================================
Received Import Request.
  Time since last request: 0.000031 seconds.
  path: Assets/Decrepit Dungeon LITE/Meshes/Props.fbx
  artifactKey: Guid(fd75e63c14c4540438372a6844af68b6) Importer(815301076,1909f56bfc062723c751e8b465ee728b)
Start importing Assets/Decrepit Dungeon LITE/Meshes/Props.fbx using Guid(fd75e63c14c4540438372a6844af68b6) Importer(815301076,1909f56bfc062723c751e8b465ee728b)  -> (artifact id: 'fc83af4a66191afefc0313198e2a83c2') in 0.558396 seconds 
========================================================================
Received Import Request.
  Time since last request: 0.594784 seconds.
  path: Assets/Decrepit Dungeon LITE/Materials/Cement_B.mat
  artifactKey: Guid(a603282dcfba6e541af6468c98369341) Importer(815301076,1909f56bfc062723c751e8b465ee728b)
Start importing Assets/Decrepit Dungeon LITE/Materials/Cement_B.mat using Guid(a603282dcfba6e541af6468c98369341) Importer(815301076,1909f56bfc062723c751e8b465ee728b)  -> (artifact id: '34d5858146f71186e5d58fe8d1277069') in 0.027421 seconds 
========================================================================
Received Import Request.
  Time since last request: 0.000020 seconds.
  path: Assets/Decrepit Dungeon LITE/Materials/Flame.mat
  artifactKey: Guid(e3aca7f17b83630409550de9dc736e58) Importer(815301076,1909f56bfc062723c751e8b465ee728b)
Start importing Assets/Decrepit Dungeon LITE/Materials/Flame.mat using Guid(e3aca7f17b83630409550de9dc736e58) Importer(815301076,1909f56bfc062723c751e8b465ee728b)  -> (artifact id: '2e0c2956265e2e2674d21a3c8f781ef9') in 0.024965 seconds 
========================================================================
Received Import Request.
  Time since last request: 0.000028 seconds.
  path: Assets/Decrepit Dungeon LITE/Materials/Hay_D.mat
  artifactKey: Guid(d03fed6c76725874383f2aec252ce72c) Importer(815301076,1909f56bfc062723c751e8b465ee728b)
Start importing Assets/Decrepit Dungeon LITE/Materials/Hay_D.mat using Guid(d03fed6c76725874383f2aec252ce72c) Importer(815301076,1909f56bfc062723c751e8b465ee728b)  -> (artifact id: 'd9cb43be0947fef82a12356817a101f8') in 0.007977 seconds 
========================================================================
Received Import Request.
  Time since last request: 0.000016 seconds.
  path: Assets/Decrepit Dungeon LITE/Materials/Grunge_C.mat
  artifactKey: Guid(cc571c58a73f82845812f11fc83b0e5c) Importer(815301076,1909f56bfc062723c751e8b465ee728b)
Start importing Assets/Decrepit Dungeon LITE/Materials/Grunge_C.mat using Guid(cc571c58a73f82845812f11fc83b0e5c) Importer(815301076,1909f56bfc062723c751e8b465ee728b)  -> (artifact id: 'eff4a7f543fad8ae080992f19f758727') in 0.008170 seconds 
========================================================================
Received Import Request.
  Time since last request: 0.000017 seconds.
  path: Assets/Decrepit Dungeon LITE/Materials/Grunge_A.mat
  artifactKey: Guid(f0c57ec32e5515a4aa096515ccc94714) Importer(815301076,1909f56bfc062723c751e8b465ee728b)
Start importing Assets/Decrepit Dungeon LITE/Materials/Grunge_A.mat using Guid(f0c57ec32e5515a4aa096515ccc94714) Importer(815301076,1909f56bfc062723c751e8b465ee728b)  -> (artifact id: '6c5c30c5ed7213a27ff65031f1d516a3') in 0.009616 seconds 
========================================================================
Received Import Request.
  Time since last request: 0.000016 seconds.
  path: Assets/Decrepit Dungeon LITE/Materials/Grunge_B.mat
  artifactKey: Guid(13fcec13a3cbf1d428c5c89767873fe7) Importer(815301076,1909f56bfc062723c751e8b465ee728b)
Start importing Assets/Decrepit Dungeon LITE/Materials/Grunge_B.mat using Guid(13fcec13a3cbf1d428c5c89767873fe7) Importer(815301076,1909f56bfc062723c751e8b465ee728b)  -> (artifact id: '3244b33b38104c02677027c689abce04') in 0.007946 seconds 
========================================================================
Received Import Request.
  Time since last request: 0.000021 seconds.
  path: Assets/Decrepit Dungeon LITE/Materials/Stone_A.mat
  artifactKey: Guid(abf168830e83d264faa8fadb4d51cd13) Importer(815301076,1909f56bfc062723c751e8b465ee728b)
Start importing Assets/Decrepit Dungeon LITE/Materials/Stone_A.mat using Guid(abf168830e83d264faa8fadb4d51cd13) Importer(815301076,1909f56bfc062723c751e8b465ee728b)  -> (artifact id: 'fecbb10340782e890d015208c554682f') in 0.007947 seconds 
========================================================================
Received Import Request.
  Time since last request: 0.000016 seconds.
  path: Assets/Decrepit Dungeon LITE/Materials/Wax_B.mat
  artifactKey: Guid(3e4d6e5074373e14f8ea3d1328eafb30) Importer(815301076,1909f56bfc062723c751e8b465ee728b)
Start importing Assets/Decrepit Dungeon LITE/Materials/Wax_B.mat using Guid(3e4d6e5074373e14f8ea3d1328eafb30) Importer(815301076,1909f56bfc062723c751e8b465ee728b)  -> (artifact id: '9f5d1a10ca5486a7546f277f53df5153') in 0.007748 seconds 
========================================================================
Received Import Request.
  Time since last request: 0.000016 seconds.
  path: Assets/Decrepit Dungeon LITE/Materials/Wood_C.mat
  artifactKey: Guid(18f96cd0b7113f942bc0d421eaa81466) Importer(815301076,1909f56bfc062723c751e8b465ee728b)
Start importing Assets/Decrepit Dungeon LITE/Materials/Wood_C.mat using Guid(18f96cd0b7113f942bc0d421eaa81466) Importer(815301076,1909f56bfc062723c751e8b465ee728b)  -> (artifact id: 'f6eda331b018f5aea767748eaf75b6ce') in 0.010003 seconds 
========================================================================
Received Import Request.
  Time since last request: 0.000023 seconds.
  path: Assets/Decrepit Dungeon LITE/Materials/Wood_B.mat
  artifactKey: Guid(4d38aa63d216bca45bbaa534d09d5d9d) Importer(815301076,1909f56bfc062723c751e8b465ee728b)
Start importing Assets/Decrepit Dungeon LITE/Materials/Wood_B.mat using Guid(4d38aa63d216bca45bbaa534d09d5d9d) Importer(815301076,1909f56bfc062723c751e8b465ee728b)  -> (artifact id: '09104736943bcac47b2ffbe2aa8228d8') in 0.009264 seconds 
========================================================================
Received Import Request.
  Time since last request: 0.000021 seconds.
  path: Assets/Decrepit Dungeon LITE/Materials/Grunge_D.mat
  artifactKey: Guid(10d2659d015c76847b09bdf8edeee03e) Importer(815301076,1909f56bfc062723c751e8b465ee728b)
Start importing Assets/Decrepit Dungeon LITE/Materials/Grunge_D.mat using Guid(10d2659d015c76847b09bdf8edeee03e) Importer(815301076,1909f56bfc062723c751e8b465ee728b)  -> (artifact id: 'ceaaecd7308b511e3123a9823d6c6cc0') in 0.009785 seconds 
========================================================================
Received Import Request.
  Time since last request: 0.000018 seconds.
  path: Assets/Decrepit Dungeon LITE/Materials/Grunge_F.mat
  artifactKey: Guid(22615be7bda8dbe428e42831a774fa63) Importer(815301076,1909f56bfc062723c751e8b465ee728b)
Start importing Assets/Decrepit Dungeon LITE/Materials/Grunge_F.mat using Guid(22615be7bda8dbe428e42831a774fa63) Importer(815301076,1909f56bfc062723c751e8b465ee728b)  -> (artifact id: 'ba3e30212a488db117aa6ab57180413e') in 0.008393 seconds 
========================================================================
Received Import Request.
  Time since last request: 0.000016 seconds.
  path: Assets/Decrepit Dungeon LITE/Materials/M_Black.mat
  artifactKey: Guid(8bc5ac0fe40131e47928f741c680005f) Importer(815301076,1909f56bfc062723c751e8b465ee728b)
Start importing Assets/Decrepit Dungeon LITE/Materials/M_Black.mat using Guid(8bc5ac0fe40131e47928f741c680005f) Importer(815301076,1909f56bfc062723c751e8b465ee728b)  -> (artifact id: 'aa746c55c64a30736bb316264367e207') in 0.005197 seconds 
========================================================================
Received Import Request.
  Time since last request: 0.000020 seconds.
  path: Assets/Decrepit Dungeon LITE/Materials/Metal_B.mat
  artifactKey: Guid(199644c02aaad764ab340ad4746e055d) Importer(815301076,1909f56bfc062723c751e8b465ee728b)
Start importing Assets/Decrepit Dungeon LITE/Materials/Metal_B.mat using Guid(199644c02aaad764ab340ad4746e055d) Importer(815301076,1909f56bfc062723c751e8b465ee728b)  -> (artifact id: 'cef737706cb3d5a2d4ffd2b8d3ba06cf') in 0.007518 seconds 
========================================================================
Received Import Request.
  Time since last request: 0.000016 seconds.
  path: Assets/Decrepit Dungeon LITE/Materials/Hay_C.mat
  artifactKey: Guid(d151a519afbb87646a62daee32af9f4e) Importer(815301076,1909f56bfc062723c751e8b465ee728b)
Start importing Assets/Decrepit Dungeon LITE/Materials/Hay_C.mat using Guid(d151a519afbb87646a62daee32af9f4e) Importer(815301076,1909f56bfc062723c751e8b465ee728b)  -> (artifact id: 'b5ff442d6e0ce845d34cc8babefd8a91') in 0.008346 seconds 
========================================================================
Received Import Request.
  Time since last request: 0.000023 seconds.
  path: Assets/Decrepit Dungeon LITE/Materials/Hay_B.mat
  artifactKey: Guid(c45dbd0aa3cac5b4e95fc09e17d2c081) Importer(815301076,1909f56bfc062723c751e8b465ee728b)
Start importing Assets/Decrepit Dungeon LITE/Materials/Hay_B.mat using Guid(c45dbd0aa3cac5b4e95fc09e17d2c081) Importer(815301076,1909f56bfc062723c751e8b465ee728b)  -> (artifact id: '8ff7e307502980c4d10822bdc38cfab2') in 0.008321 seconds 
========================================================================
Received Import Request.
  Time since last request: 0.000016 seconds.
  path: Assets/Decrepit Dungeon LITE/Materials/Wax_A.mat
  artifactKey: Guid(4e76a25edb2e4b8468dff616e0be6496) Importer(815301076,1909f56bfc062723c751e8b465ee728b)
Start importing Assets/Decrepit Dungeon LITE/Materials/Wax_A.mat using Guid(4e76a25edb2e4b8468dff616e0be6496) Importer(815301076,1909f56bfc062723c751e8b465ee728b)  -> (artifact id: 'ce90db437a0519e467c0fc1e347177e4') in 0.007080 seconds 
========================================================================
Received Import Request.
  Time since last request: 0.000019 seconds.
  path: Assets/Decrepit Dungeon LITE/Materials/Hay_A.mat
  artifactKey: Guid(319a23f5bb494df4c95af016d693045d) Importer(815301076,1909f56bfc062723c751e8b465ee728b)
Start importing Assets/Decrepit Dungeon LITE/Materials/Hay_A.mat using Guid(319a23f5bb494df4c95af016d693045d) Importer(815301076,1909f56bfc062723c751e8b465ee728b)  -> (artifact id: 'a003ec859a7ec837f08bd694a67937e6') in 0.008122 seconds 
Editor requested this worker to shutdown with reason: Scaling down because of idle timeout
AssetImportWorker is now disconnected from the server
Process exiting
Exiting without the bug reporter. Application will terminate with return code 0