Using pre-set license
Built from '2021.3/staging' branch; Version is '2021.3.16f1 (4016570cf34f) revision 4200023'; Using compiler version '192829333'; Build Type 'Release'
OS: 'Windows 10  (10.0.19044) 64bit Core' Language: 'ja' Physical Memory: 15958 MB
BatchMode: 1, IsHumanControllingUs: 0, StartBugReporterOnCrash: 0, Is64bit: 1, IsPro: 1

COMMAND LINE ARGUMENTS:
D:\2021.3.16f1\Editor\Unity.exe
-adb2
-batchMode
-noUpm
-name
AssetImportWorker2
-projectPath
D:/Unity自作ゲーム/2023_Spring
-logFile
Logs/AssetImportWorker2.log
-srvPort
54095
Successfully changed project path to: D:/Unity自作ゲーム/2023_Spring
D:/Unity自作ゲーム/2023_Spring
[UnityMemory] Configuration Parameters - Can be set up in boot.config
    "memorysetup-bucket-allocator-granularity=16"
    "memorysetup-bucket-allocator-bucket-count=8"
    "memorysetup-bucket-allocator-block-size=33554432"
    "memorysetup-bucket-allocator-block-count=8"
    "memorysetup-main-allocator-block-size=16777216"
    "memorysetup-thread-allocator-block-size=16777216"
    "memorysetup-gfx-main-allocator-block-size=16777216"
    "memorysetup-gfx-thread-allocator-block-size=16777216"
    "memorysetup-cache-allocator-block-size=4194304"
    "memorysetup-typetree-allocator-block-size=2097152"
    "memorysetup-profiler-bucket-allocator-granularity=16"
    "memorysetup-profiler-bucket-allocator-bucket-count=8"
    "memorysetup-profiler-bucket-allocator-block-size=33554432"
    "memorysetup-profiler-bucket-allocator-block-count=8"
    "memorysetup-profiler-allocator-block-size=16777216"
    "memorysetup-profiler-editor-allocator-block-size=1048576"
    "memorysetup-temp-allocator-size-main=16777216"
    "memorysetup-job-temp-allocator-block-size=2097152"
    "memorysetup-job-temp-allocator-block-size-background=1048576"
    "memorysetup-job-temp-allocator-reduction-small-platforms=262144"
    "memorysetup-temp-allocator-size-background-worker=32768"
    "memorysetup-temp-allocator-size-job-worker=262144"
    "memorysetup-temp-allocator-size-preload-manager=33554432"
    "memorysetup-temp-allocator-size-nav-mesh-worker=65536"
    "memorysetup-temp-allocator-size-audio-worker=65536"
    "memorysetup-temp-allocator-size-cloud-worker=32768"
    "memorysetup-temp-allocator-size-gi-baking-worker=262144"
    "memorysetup-temp-allocator-size-gfx=262144"
Player connection [25412] Host "[IP] 192.168.10.101 [Port] 0 [Flags] 2 [Guid] 509980679 [EditorId] 509980679 [Version] 1048832 [Id] WindowsEditor(7,DESKTOP-4IH0O9C) [Debug] 1 [PackageName] WindowsEditor [ProjectName] Editor" joined multi-casting on [225.0.0.222:54997]...

Player connection [25412] Host "[IP] 192.168.10.101 [Port] 0 [Flags] 2 [Guid] 509980679 [EditorId] 509980679 [Version] 1048832 [Id] WindowsEditor(7,DESKTOP-4IH0O9C) [Debug] 1 [PackageName] WindowsEditor [ProjectName] Editor" joined alternative multi-casting on [225.0.0.222:34997]...

Refreshing native plugins compatible for Editor in 93.44 ms, found 3 plugins.
Preloading 0 native plugins for Editor in 0.00 ms.
Initialize engine version: 2021.3.16f1 (4016570cf34f)
[Subsystems] Discovering subsystems at path D:/2021.3.16f1/Editor/Data/Resources/UnitySubsystems
[Subsystems] Discovering subsystems at path D:/Unity自作ゲーム/2023_Spring/Assets
GfxDevice: creating device client; threaded=0; jobified=0
Direct3D:
    Version:  Direct3D 11.0 [level 11.1]
    Renderer: NVIDIA GeForce RTX 3060 Laptop GPU (ID=0x2520)
    Vendor:   NVIDIA
    VRAM:     6023 MB
    Driver:   30.0.14.7141
Initialize mono
Mono path[0] = 'D:/2021.3.16f1/Editor/Data/Managed'
Mono path[1] = 'D:/2021.3.16f1/Editor/Data/MonoBleedingEdge/lib/mono/unityjit-win32'
Mono config path = 'D:/2021.3.16f1/Editor/Data/MonoBleedingEdge/etc'
Using monoOptions --debugger-agent=transport=dt_socket,embedding=1,server=y,suspend=n,address=127.0.0.1:56080
Begin MonoManager ReloadAssembly
Registering precompiled unity dll's ...
Register platform support module: D:/2021.3.16f1/Editor/Data/PlaybackEngines/WindowsStandaloneSupport/UnityEditor.WindowsStandalone.Extensions.dll
Registered in 0.002371 seconds.
Native extension for WindowsStandalone target not found
Refreshing native plugins compatible for Editor in 97.22 ms, found 3 plugins.
Preloading 0 native plugins for Editor in 0.00 ms.
Mono: successfully reloaded assembly
- Completed reload, in  0.666 seconds
Domain Reload Profiling:
	ReloadAssembly (666ms)
		BeginReloadAssembly (72ms)
			ExecutionOrderSort (0ms)
			DisableScriptedObjects (0ms)
			BackupInstance (0ms)
			ReleaseScriptingObjects (0ms)
			CreateAndSetChildDomain (1ms)
		EndReloadAssembly (484ms)
			LoadAssemblies (71ms)
			RebuildTransferFunctionScriptingTraits (0ms)
			SetupTypeCache (109ms)
			ReleaseScriptCaches (0ms)
			RebuildScriptCaches (32ms)
			SetupLoadedEditorAssemblies (288ms)
				LogAssemblyErrors (0ms)
				InitializePlatformSupportModulesInManaged (7ms)
				SetLoadedEditorAssemblies (0ms)
				RefreshPlugins (97ms)
				BeforeProcessingInitializeOnLoad (2ms)
				ProcessInitializeOnLoadAttributes (130ms)
				ProcessInitializeOnLoadMethodAttributes (51ms)
				AfterProcessingInitializeOnLoad (0ms)
				EditorAssembliesLoaded (0ms)
			ExecutionOrderSort2 (0ms)
			AwakeInstancesAfterBackupRestoration (0ms)
Platform modules already initialized, skipping
Registering precompiled user dll's ...
Registered in 0.004045 seconds.
Begin MonoManager ReloadAssembly
Symbol file LoadedFromMemory doesn't match image D:\Unity自作ゲーム\2023_Spring\Library\PackageCache\com.unity.visualscripting@1.7.8\Editor\VisualScripting.Core\Dependencies\YamlDotNet\Unity.VisualScripting.YamlDotNet.dll
Symbol file LoadedFromMemory doesn't match image D:\Unity自作ゲーム\2023_Spring\Library\PackageCache\com.unity.visualscripting@1.7.8\Editor\VisualScripting.Core\Dependencies\DotNetZip\Unity.VisualScripting.IonicZip.dll
Native extension for WindowsStandalone target not found
Refreshing native plugins compatible for Editor in 0.75 ms, found 3 plugins.
Preloading 0 native plugins for Editor in 0.00 ms.
Mono: successfully reloaded assembly
- Completed reload, in  0.972 seconds
Domain Reload Profiling:
	ReloadAssembly (973ms)
		BeginReloadAssembly (103ms)
			ExecutionOrderSort (0ms)
			DisableScriptedObjects (7ms)
			BackupInstance (0ms)
			ReleaseScriptingObjects (0ms)
			CreateAndSetChildDomain (23ms)
		EndReloadAssembly (777ms)
			LoadAssemblies (71ms)
			RebuildTransferFunctionScriptingTraits (0ms)
			SetupTypeCache (251ms)
			ReleaseScriptCaches (1ms)
			RebuildScriptCaches (58ms)
			SetupLoadedEditorAssemblies (362ms)
				LogAssemblyErrors (0ms)
				InitializePlatformSupportModulesInManaged (4ms)
				SetLoadedEditorAssemblies (0ms)
				RefreshPlugins (1ms)
				BeforeProcessingInitializeOnLoad (82ms)
				ProcessInitializeOnLoadAttributes (248ms)
				ProcessInitializeOnLoadMethodAttributes (24ms)
				AfterProcessingInitializeOnLoad (2ms)
				EditorAssembliesLoaded (0ms)
			ExecutionOrderSort2 (0ms)
			AwakeInstancesAfterBackupRestoration (6ms)
Platform modules already initialized, skipping
========================================================================
Worker process is ready to serve import requests
Launched and connected shader compiler UnityShaderCompiler.exe after 0.07 seconds
Refreshing native plugins compatible for Editor in 0.71 ms, found 3 plugins.
Preloading 0 native plugins for Editor in 0.00 ms.
Unloading 3574 Unused Serialized files (Serialized files now loaded: 0)
Unloading 40 unused Assets / (185.1 KB). Loaded Objects now: 4036.
Memory consumption went from 132.7 MB to 132.5 MB.
Total: 4.546700 ms (FindLiveObjects: 0.405000 ms CreateObjectMapping: 0.123200 ms MarkObjects: 3.729500 ms  DeleteObjects: 0.287300 ms)

AssetImportParameters requested are different than current active one (requested -> active):
  custom:video-decoder-ogg-theora: a1e56fd34408186e4bbccfd4996cb3dc -> 
  custom:container-muxer-webm: aa71ff27fc2769a1b78a27578f13a17b -> 
  custom:container-demuxer-webm: 4f35f7cbe854078d1ac9338744f61a02 -> 
  custom:video-encoder-webm-vp8: eb34c28f22e8b96e1ab97ce403110664 -> 
  custom:video-codec-MediaFoundation-h265: 746d11721c4dcdbdad8f713fa42b33f4 -> 
  custom:audio-encoder-webm-vorbis: bf7c407c2cedff20999df2af8eb42d56 -> 
  custom:framework-win-MediaFoundation: 216162199b28c13a410421893ffa2e32 -> 
  custom:container-demuxer-ogg: 62fdf1f143b41e24485cea50d1cbac27 -> 
  custom:video-decoder-webm-vp8: 9c59270c3fd7afecdb556c50c9e8de78 -> 
  custom:audio-decoder-ogg-vorbis: bf7c407c2cedff20999df2af8eb42d56 -> 
========================================================================
Received Prepare
Registering precompiled user dll's ...
Registered in 0.003916 seconds.
Begin MonoManager ReloadAssembly
Symbol file LoadedFromMemory doesn't match image D:\Unity自作ゲーム\2023_Spring\Library\PackageCache\com.unity.visualscripting@1.7.8\Editor\VisualScripting.Core\Dependencies\YamlDotNet\Unity.VisualScripting.YamlDotNet.dll
Symbol file LoadedFromMemory doesn't match image D:\Unity自作ゲーム\2023_Spring\Library\PackageCache\com.unity.visualscripting@1.7.8\Editor\VisualScripting.Core\Dependencies\DotNetZip\Unity.VisualScripting.IonicZip.dll
Native extension for WindowsStandalone target not found
Refreshing native plugins compatible for Editor in 1.17 ms, found 3 plugins.
Preloading 0 native plugins for Editor in 0.00 ms.
Mono: successfully reloaded assembly
- Completed reload, in  0.947 seconds
Domain Reload Profiling:
	ReloadAssembly (947ms)
		BeginReloadAssembly (130ms)
			ExecutionOrderSort (0ms)
			DisableScriptedObjects (4ms)
			BackupInstance (0ms)
			ReleaseScriptingObjects (0ms)
			CreateAndSetChildDomain (44ms)
		EndReloadAssembly (739ms)
			LoadAssemblies (81ms)
			RebuildTransferFunctionScriptingTraits (0ms)
			SetupTypeCache (269ms)
			ReleaseScriptCaches (2ms)
			RebuildScriptCaches (45ms)
			SetupLoadedEditorAssemblies (309ms)
				LogAssemblyErrors (0ms)
				InitializePlatformSupportModulesInManaged (10ms)
				SetLoadedEditorAssemblies (1ms)
				RefreshPlugins (1ms)
				BeforeProcessingInitializeOnLoad (57ms)
				ProcessInitializeOnLoadAttributes (211ms)
				ProcessInitializeOnLoadMethodAttributes (28ms)
				AfterProcessingInitializeOnLoad (2ms)
				EditorAssembliesLoaded (0ms)
			ExecutionOrderSort2 (0ms)
			AwakeInstancesAfterBackupRestoration (6ms)
Platform modules already initialized, skipping
Refreshing native plugins compatible for Editor in 1.76 ms, found 3 plugins.
Preloading 0 native plugins for Editor in 0.00 ms.
Unloading 3544 Unused Serialized files (Serialized files now loaded: 0)
Unloading 21 unused Assets / (152.0 KB). Loaded Objects now: 4051.
Memory consumption went from 130.0 MB to 129.9 MB.
Total: 3.370000 ms (FindLiveObjects: 0.333600 ms CreateObjectMapping: 0.091300 ms MarkObjects: 2.759500 ms  DeleteObjects: 0.183200 ms)

AssetImportParameters requested are different than current active one (requested -> active):
  custom:video-decoder-ogg-theora: a1e56fd34408186e4bbccfd4996cb3dc -> 
  custom:container-muxer-webm: aa71ff27fc2769a1b78a27578f13a17b -> 
  custom:container-demuxer-webm: 4f35f7cbe854078d1ac9338744f61a02 -> 
  custom:video-encoder-webm-vp8: eb34c28f22e8b96e1ab97ce403110664 -> 
  custom:video-codec-MediaFoundation-h265: 746d11721c4dcdbdad8f713fa42b33f4 -> 
  custom:audio-encoder-webm-vorbis: bf7c407c2cedff20999df2af8eb42d56 -> 
  custom:framework-win-MediaFoundation: 216162199b28c13a410421893ffa2e32 -> 
  custom:container-demuxer-ogg: 62fdf1f143b41e24485cea50d1cbac27 -> 
  custom:video-decoder-webm-vp8: 9c59270c3fd7afecdb556c50c9e8de78 -> 
  custom:audio-decoder-ogg-vorbis: bf7c407c2cedff20999df2af8eb42d56 -> 
========================================================================
Received Prepare
Registering precompiled user dll's ...
Registered in 0.003984 seconds.
Begin MonoManager ReloadAssembly
Symbol file LoadedFromMemory doesn't match image D:\Unity自作ゲーム\2023_Spring\Library\PackageCache\com.unity.visualscripting@1.7.8\Editor\VisualScripting.Core\Dependencies\YamlDotNet\Unity.VisualScripting.YamlDotNet.dll
Symbol file LoadedFromMemory doesn't match image D:\Unity自作ゲーム\2023_Spring\Library\PackageCache\com.unity.visualscripting@1.7.8\Editor\VisualScripting.Core\Dependencies\DotNetZip\Unity.VisualScripting.IonicZip.dll
Native extension for WindowsStandalone target not found
Refreshing native plugins compatible for Editor in 0.92 ms, found 3 plugins.
Preloading 0 native plugins for Editor in 0.00 ms.
Mono: successfully reloaded assembly
- Completed reload, in  0.943 seconds
Domain Reload Profiling:
	ReloadAssembly (944ms)
		BeginReloadAssembly (135ms)
			ExecutionOrderSort (0ms)
			DisableScriptedObjects (4ms)
			BackupInstance (0ms)
			ReleaseScriptingObjects (0ms)
			CreateAndSetChildDomain (48ms)
		EndReloadAssembly (730ms)
			LoadAssemblies (76ms)
			RebuildTransferFunctionScriptingTraits (0ms)
			SetupTypeCache (256ms)
			ReleaseScriptCaches (2ms)
			RebuildScriptCaches (45ms)
			SetupLoadedEditorAssemblies (315ms)
				LogAssemblyErrors (0ms)
				InitializePlatformSupportModulesInManaged (10ms)
				SetLoadedEditorAssemblies (0ms)
				RefreshPlugins (1ms)
				BeforeProcessingInitializeOnLoad (58ms)
				ProcessInitializeOnLoadAttributes (215ms)
				ProcessInitializeOnLoadMethodAttributes (28ms)
				AfterProcessingInitializeOnLoad (2ms)
				EditorAssembliesLoaded (0ms)
			ExecutionOrderSort2 (0ms)
			AwakeInstancesAfterBackupRestoration (7ms)
Platform modules already initialized, skipping
Refreshing native plugins compatible for Editor in 1.82 ms, found 3 plugins.
Preloading 0 native plugins for Editor in 0.00 ms.
Unloading 3544 Unused Serialized files (Serialized files now loaded: 0)
Unloading 21 unused Assets / (152.0 KB). Loaded Objects now: 4066.
Memory consumption went from 130.0 MB to 129.9 MB.
Total: 3.315700 ms (FindLiveObjects: 0.317700 ms CreateObjectMapping: 0.142900 ms MarkObjects: 2.722300 ms  DeleteObjects: 0.130900 ms)

AssetImportParameters requested are different than current active one (requested -> active):
  custom:video-decoder-ogg-theora: a1e56fd34408186e4bbccfd4996cb3dc -> 
  custom:container-muxer-webm: aa71ff27fc2769a1b78a27578f13a17b -> 
  custom:container-demuxer-webm: 4f35f7cbe854078d1ac9338744f61a02 -> 
  custom:video-encoder-webm-vp8: eb34c28f22e8b96e1ab97ce403110664 -> 
  custom:video-codec-MediaFoundation-h265: 746d11721c4dcdbdad8f713fa42b33f4 -> 
  custom:audio-encoder-webm-vorbis: bf7c407c2cedff20999df2af8eb42d56 -> 
  custom:framework-win-MediaFoundation: 216162199b28c13a410421893ffa2e32 -> 
  custom:container-demuxer-ogg: 62fdf1f143b41e24485cea50d1cbac27 -> 
  custom:video-decoder-webm-vp8: 9c59270c3fd7afecdb556c50c9e8de78 -> 
  custom:audio-decoder-ogg-vorbis: bf7c407c2cedff20999df2af8eb42d56 -> 
========================================================================
Received Import Request.
  Time since last request: 129596.471271 seconds.
  path: Assets/Script/Zombie.cs
  artifactKey: Guid(e133e2f77b2cfd1488d19b4cd8165cc0) Importer(815301076,1909f56bfc062723c751e8b465ee728b)
Start importing Assets/Script/Zombie.cs using Guid(e133e2f77b2cfd1488d19b4cd8165cc0) Importer(815301076,1909f56bfc062723c751e8b465ee728b)  -> (artifact id: '146f31d6f081ee24ce014cb06140b0c1') in 0.023141 seconds 
========================================================================
Received Prepare
Registering precompiled user dll's ...
Registered in 0.003297 seconds.
Begin MonoManager ReloadAssembly
Symbol file LoadedFromMemory doesn't match image D:\Unity自作ゲーム\2023_Spring\Library\PackageCache\com.unity.visualscripting@1.7.8\Editor\VisualScripting.Core\Dependencies\YamlDotNet\Unity.VisualScripting.YamlDotNet.dll
Symbol file LoadedFromMemory doesn't match image D:\Unity自作ゲーム\2023_Spring\Library\PackageCache\com.unity.visualscripting@1.7.8\Editor\VisualScripting.Core\Dependencies\DotNetZip\Unity.VisualScripting.IonicZip.dll
Native extension for WindowsStandalone target not found
Refreshing native plugins compatible for Editor in 0.82 ms, found 3 plugins.
Preloading 0 native plugins for Editor in 0.00 ms.
Mono: successfully reloaded assembly
- Completed reload, in  0.913 seconds
Domain Reload Profiling:
	ReloadAssembly (914ms)
		BeginReloadAssembly (130ms)
			ExecutionOrderSort (0ms)
			DisableScriptedObjects (4ms)
			BackupInstance (0ms)
			ReleaseScriptingObjects (0ms)
			CreateAndSetChildDomain (43ms)
		EndReloadAssembly (702ms)
			LoadAssemblies (79ms)
			RebuildTransferFunctionScriptingTraits (0ms)
			SetupTypeCache (244ms)
			ReleaseScriptCaches (2ms)
			RebuildScriptCaches (41ms)
			SetupLoadedEditorAssemblies (305ms)
				LogAssemblyErrors (0ms)
				InitializePlatformSupportModulesInManaged (12ms)
				SetLoadedEditorAssemblies (0ms)
				RefreshPlugins (1ms)
				BeforeProcessingInitializeOnLoad (55ms)
				ProcessInitializeOnLoadAttributes (210ms)
				ProcessInitializeOnLoadMethodAttributes (25ms)
				AfterProcessingInitializeOnLoad (2ms)
				EditorAssembliesLoaded (0ms)
			ExecutionOrderSort2 (0ms)
			AwakeInstancesAfterBackupRestoration (5ms)
Platform modules already initialized, skipping
Refreshing native plugins compatible for Editor in 1.47 ms, found 3 plugins.
Preloading 0 native plugins for Editor in 0.00 ms.
Unloading 3544 Unused Serialized files (Serialized files now loaded: 0)
Unloading 21 unused Assets / (152.0 KB). Loaded Objects now: 4081.
Memory consumption went from 130.1 MB to 129.9 MB.
Total: 3.081700 ms (FindLiveObjects: 0.366800 ms CreateObjectMapping: 0.157600 ms MarkObjects: 2.424000 ms  DeleteObjects: 0.131500 ms)

AssetImportParameters requested are different than current active one (requested -> active):
  custom:video-decoder-ogg-theora: a1e56fd34408186e4bbccfd4996cb3dc -> 
  custom:container-muxer-webm: aa71ff27fc2769a1b78a27578f13a17b -> 
  custom:container-demuxer-webm: 4f35f7cbe854078d1ac9338744f61a02 -> 
  custom:video-encoder-webm-vp8: eb34c28f22e8b96e1ab97ce403110664 -> 
  custom:video-codec-MediaFoundation-h265: 746d11721c4dcdbdad8f713fa42b33f4 -> 
  custom:audio-encoder-webm-vorbis: bf7c407c2cedff20999df2af8eb42d56 -> 
  custom:framework-win-MediaFoundation: 216162199b28c13a410421893ffa2e32 -> 
  custom:container-demuxer-ogg: 62fdf1f143b41e24485cea50d1cbac27 -> 
  custom:video-decoder-webm-vp8: 9c59270c3fd7afecdb556c50c9e8de78 -> 
  custom:audio-decoder-ogg-vorbis: bf7c407c2cedff20999df2af8eb42d56 -> 
========================================================================
Received Import Request.
  Time since last request: 70.949526 seconds.
  path: Assets/Script/NewBehaviourScript.cs
  artifactKey: Guid(681423891b97bf044ad587ec4bdfb439) Importer(815301076,1909f56bfc062723c751e8b465ee728b)
Start importing Assets/Script/NewBehaviourScript.cs using Guid(681423891b97bf044ad587ec4bdfb439) Importer(815301076,1909f56bfc062723c751e8b465ee728b)  -> (artifact id: 'a469ee5c0f0b99dab084c232476498fc') in 0.007619 seconds 
========================================================================
Received Prepare
Registering precompiled user dll's ...
Registered in 0.003148 seconds.
Begin MonoManager ReloadAssembly
Symbol file LoadedFromMemory doesn't match image D:\Unity自作ゲーム\2023_Spring\Library\PackageCache\com.unity.visualscripting@1.7.8\Editor\VisualScripting.Core\Dependencies\YamlDotNet\Unity.VisualScripting.YamlDotNet.dll
Symbol file LoadedFromMemory doesn't match image D:\Unity自作ゲーム\2023_Spring\Library\PackageCache\com.unity.visualscripting@1.7.8\Editor\VisualScripting.Core\Dependencies\DotNetZip\Unity.VisualScripting.IonicZip.dll
Native extension for WindowsStandalone target not found
Refreshing native plugins compatible for Editor in 0.61 ms, found 3 plugins.
Preloading 0 native plugins for Editor in 0.00 ms.
Mono: successfully reloaded assembly
- Completed reload, in  0.759 seconds
Domain Reload Profiling:
	ReloadAssembly (759ms)
		BeginReloadAssembly (103ms)
			ExecutionOrderSort (0ms)
			DisableScriptedObjects (3ms)
			BackupInstance (0ms)
			ReleaseScriptingObjects (0ms)
			CreateAndSetChildDomain (31ms)
		EndReloadAssembly (585ms)
			LoadAssemblies (66ms)
			RebuildTransferFunctionScriptingTraits (0ms)
			SetupTypeCache (212ms)
			ReleaseScriptCaches (1ms)
			RebuildScriptCaches (32ms)
			SetupLoadedEditorAssemblies (245ms)
				LogAssemblyErrors (0ms)
				InitializePlatformSupportModulesInManaged (8ms)
				SetLoadedEditorAssemblies (0ms)
				RefreshPlugins (1ms)
				BeforeProcessingInitializeOnLoad (44ms)
				ProcessInitializeOnLoadAttributes (169ms)
				ProcessInitializeOnLoadMethodAttributes (20ms)
				AfterProcessingInitializeOnLoad (2ms)
				EditorAssembliesLoaded (0ms)
			ExecutionOrderSort2 (0ms)
			AwakeInstancesAfterBackupRestoration (6ms)
Platform modules already initialized, skipping
Refreshing native plugins compatible for Editor in 1.40 ms, found 3 plugins.
Preloading 0 native plugins for Editor in 0.00 ms.
Unloading 3544 Unused Serialized files (Serialized files now loaded: 0)
Unloading 21 unused Assets / (151.9 KB). Loaded Objects now: 4096.
Memory consumption went from 130.1 MB to 129.9 MB.
Total: 2.853800 ms (FindLiveObjects: 0.230900 ms CreateObjectMapping: 0.080100 ms MarkObjects: 2.439400 ms  DeleteObjects: 0.102500 ms)

AssetImportParameters requested are different than current active one (requested -> active):
  custom:video-decoder-ogg-theora: a1e56fd34408186e4bbccfd4996cb3dc -> 
  custom:container-muxer-webm: aa71ff27fc2769a1b78a27578f13a17b -> 
  custom:container-demuxer-webm: 4f35f7cbe854078d1ac9338744f61a02 -> 
  custom:video-encoder-webm-vp8: eb34c28f22e8b96e1ab97ce403110664 -> 
  custom:video-codec-MediaFoundation-h265: 746d11721c4dcdbdad8f713fa42b33f4 -> 
  custom:audio-encoder-webm-vorbis: bf7c407c2cedff20999df2af8eb42d56 -> 
  custom:framework-win-MediaFoundation: 216162199b28c13a410421893ffa2e32 -> 
  custom:container-demuxer-ogg: 62fdf1f143b41e24485cea50d1cbac27 -> 
  custom:video-decoder-webm-vp8: 9c59270c3fd7afecdb556c50c9e8de78 -> 
  custom:audio-decoder-ogg-vorbis: bf7c407c2cedff20999df2af8eb42d56 -> 
========================================================================
Received Import Request.
  Time since last request: 11.868498 seconds.
  path: Assets/Script/Timer.cs
  artifactKey: Guid(1b3e6ac87bce48247926e729e38178b0) Importer(815301076,1909f56bfc062723c751e8b465ee728b)
Start importing Assets/Script/Timer.cs using Guid(1b3e6ac87bce48247926e729e38178b0) Importer(815301076,1909f56bfc062723c751e8b465ee728b)  -> (artifact id: '3c9c9f737b03746879215d5a56596a5a') in 0.006121 seconds 
========================================================================
Received Import Request.
  Time since last request: 156.679242 seconds.
  path: Assets/Script/Timer.cs
  artifactKey: Guid(1b3e6ac87bce48247926e729e38178b0) Importer(815301076,1909f56bfc062723c751e8b465ee728b)
Start importing Assets/Script/Timer.cs using Guid(1b3e6ac87bce48247926e729e38178b0) Importer(815301076,1909f56bfc062723c751e8b465ee728b)  -> (artifact id: 'f1db953c568da2928f81063641df5eab') in 0.001070 seconds 
========================================================================
Received Import Request.
  Time since last request: 227.489994 seconds.
  path: Assets/Script/Timer.cs
  artifactKey: Guid(1b3e6ac87bce48247926e729e38178b0) Importer(815301076,1909f56bfc062723c751e8b465ee728b)
Start importing Assets/Script/Timer.cs using Guid(1b3e6ac87bce48247926e729e38178b0) Importer(815301076,1909f56bfc062723c751e8b465ee728b)  -> (artifact id: '77cdccdc2d264faeb3d38ee6af3a8a8c') in 0.001100 seconds 
========================================================================
Received Import Request.
  Time since last request: 158.151523 seconds.
  path: Assets/Script/Timer.cs
  artifactKey: Guid(1b3e6ac87bce48247926e729e38178b0) Importer(815301076,1909f56bfc062723c751e8b465ee728b)
Start importing Assets/Script/Timer.cs using Guid(1b3e6ac87bce48247926e729e38178b0) Importer(815301076,1909f56bfc062723c751e8b465ee728b)  -> (artifact id: 'e9879721441c204f9b30989fd6dac1c8') in 0.001073 seconds 
========================================================================
Received Prepare
Registering precompiled user dll's ...
Registered in 0.003207 seconds.
Begin MonoManager ReloadAssembly
Symbol file LoadedFromMemory doesn't match image D:\Unity自作ゲーム\2023_Spring\Library\PackageCache\com.unity.visualscripting@1.7.8\Editor\VisualScripting.Core\Dependencies\YamlDotNet\Unity.VisualScripting.YamlDotNet.dll
Symbol file LoadedFromMemory doesn't match image D:\Unity自作ゲーム\2023_Spring\Library\PackageCache\com.unity.visualscripting@1.7.8\Editor\VisualScripting.Core\Dependencies\DotNetZip\Unity.VisualScripting.IonicZip.dll
Native extension for WindowsStandalone target not found
Refreshing native plugins compatible for Editor in 0.61 ms, found 3 plugins.
Preloading 0 native plugins for Editor in 0.00 ms.
Mono: successfully reloaded assembly
- Completed reload, in  0.770 seconds
Domain Reload Profiling:
	ReloadAssembly (771ms)
		BeginReloadAssembly (104ms)
			ExecutionOrderSort (0ms)
			DisableScriptedObjects (3ms)
			BackupInstance (0ms)
			ReleaseScriptingObjects (0ms)
			CreateAndSetChildDomain (31ms)
		EndReloadAssembly (596ms)
			LoadAssemblies (59ms)
			RebuildTransferFunctionScriptingTraits (0ms)
			SetupTypeCache (215ms)
			ReleaseScriptCaches (2ms)
			RebuildScriptCaches (40ms)
			SetupLoadedEditorAssemblies (252ms)
				LogAssemblyErrors (0ms)
				InitializePlatformSupportModulesInManaged (8ms)
				SetLoadedEditorAssemblies (0ms)
				RefreshPlugins (1ms)
				BeforeProcessingInitializeOnLoad (49ms)
				ProcessInitializeOnLoadAttributes (173ms)
				ProcessInitializeOnLoadMethodAttributes (19ms)
				AfterProcessingInitializeOnLoad (2ms)
				EditorAssembliesLoaded (0ms)
			ExecutionOrderSort2 (0ms)
			AwakeInstancesAfterBackupRestoration (4ms)
Platform modules already initialized, skipping
Refreshing native plugins compatible for Editor in 1.40 ms, found 3 plugins.
Preloading 0 native plugins for Editor in 0.00 ms.
Unloading 3545 Unused Serialized files (Serialized files now loaded: 0)
Unloading 21 unused Assets / (152.1 KB). Loaded Objects now: 4112.
Memory consumption went from 130.1 MB to 130.0 MB.
Total: 2.344800 ms (FindLiveObjects: 0.223000 ms CreateObjectMapping: 0.084100 ms MarkObjects: 1.937400 ms  DeleteObjects: 0.099300 ms)

AssetImportParameters requested are different than current active one (requested -> active):
  custom:video-decoder-ogg-theora: a1e56fd34408186e4bbccfd4996cb3dc -> 
  custom:container-muxer-webm: aa71ff27fc2769a1b78a27578f13a17b -> 
  custom:container-demuxer-webm: 4f35f7cbe854078d1ac9338744f61a02 -> 
  custom:video-encoder-webm-vp8: eb34c28f22e8b96e1ab97ce403110664 -> 
  custom:video-codec-MediaFoundation-h265: 746d11721c4dcdbdad8f713fa42b33f4 -> 
  custom:audio-encoder-webm-vorbis: bf7c407c2cedff20999df2af8eb42d56 -> 
  custom:framework-win-MediaFoundation: 216162199b28c13a410421893ffa2e32 -> 
  custom:container-demuxer-ogg: 62fdf1f143b41e24485cea50d1cbac27 -> 
  custom:video-decoder-webm-vp8: 9c59270c3fd7afecdb556c50c9e8de78 -> 
  custom:audio-decoder-ogg-vorbis: bf7c407c2cedff20999df2af8eb42d56 -> 
========================================================================
Received Import Request.
  Time since last request: 138.254314 seconds.
  path: Assets/Font/SourceHanSerif-Heavy SDF.asset
  artifactKey: Guid(1aab6c8ba68be59489603fb1a1c28c50) Importer(815301076,1909f56bfc062723c751e8b465ee728b)
Start importing Assets/Font/SourceHanSerif-Heavy SDF.asset using Guid(1aab6c8ba68be59489603fb1a1c28c50) Importer(815301076,1909f56bfc062723c751e8b465ee728b)  -> (artifact id: '8c5876ef10a3ef4613ee53ed7512d5a5') in 0.148311 seconds 
========================================================================
Received Prepare
Registering precompiled user dll's ...
Registered in 0.002921 seconds.
Begin MonoManager ReloadAssembly
Symbol file LoadedFromMemory doesn't match image D:\Unity自作ゲーム\2023_Spring\Library\PackageCache\com.unity.visualscripting@1.7.8\Editor\VisualScripting.Core\Dependencies\YamlDotNet\Unity.VisualScripting.YamlDotNet.dll
Symbol file LoadedFromMemory doesn't match image D:\Unity自作ゲーム\2023_Spring\Library\PackageCache\com.unity.visualscripting@1.7.8\Editor\VisualScripting.Core\Dependencies\DotNetZip\Unity.VisualScripting.IonicZip.dll
Native extension for WindowsStandalone target not found
Refreshing native plugins compatible for Editor in 0.60 ms, found 3 plugins.
Preloading 0 native plugins for Editor in 0.00 ms.
Mono: successfully reloaded assembly
- Completed reload, in  0.776 seconds
Domain Reload Profiling:
	ReloadAssembly (777ms)
		BeginReloadAssembly (100ms)
			ExecutionOrderSort (0ms)
			DisableScriptedObjects (3ms)
			BackupInstance (0ms)
			ReleaseScriptingObjects (0ms)
			CreateAndSetChildDomain (33ms)
		EndReloadAssembly (611ms)
			LoadAssemblies (58ms)
			RebuildTransferFunctionScriptingTraits (0ms)
			SetupTypeCache (191ms)
			ReleaseScriptCaches (1ms)
			RebuildScriptCaches (32ms)
			SetupLoadedEditorAssemblies (290ms)
				LogAssemblyErrors (0ms)
				InitializePlatformSupportModulesInManaged (8ms)
				SetLoadedEditorAssemblies (0ms)
				RefreshPlugins (1ms)
				BeforeProcessingInitializeOnLoad (45ms)
				ProcessInitializeOnLoadAttributes (200ms)
				ProcessInitializeOnLoadMethodAttributes (34ms)
				AfterProcessingInitializeOnLoad (2ms)
				EditorAssembliesLoaded (0ms)
			ExecutionOrderSort2 (0ms)
			AwakeInstancesAfterBackupRestoration (7ms)
Platform modules already initialized, skipping
Refreshing native plugins compatible for Editor in 1.97 ms, found 3 plugins.
Preloading 0 native plugins for Editor in 0.00 ms.
Unloading 3545 Unused Serialized files (Serialized files now loaded: 0)
Unloading 21 unused Assets / (152.1 KB). Loaded Objects now: 4171.
Memory consumption went from 134.8 MB to 134.6 MB.
Total: 3.859700 ms (FindLiveObjects: 0.382400 ms CreateObjectMapping: 0.169800 ms MarkObjects: 3.063800 ms  DeleteObjects: 0.242600 ms)

AssetImportParameters requested are different than current active one (requested -> active):
  custom:video-decoder-ogg-theora: a1e56fd34408186e4bbccfd4996cb3dc -> 
  custom:container-muxer-webm: aa71ff27fc2769a1b78a27578f13a17b -> 
  custom:container-demuxer-webm: 4f35f7cbe854078d1ac9338744f61a02 -> 
  custom:video-encoder-webm-vp8: eb34c28f22e8b96e1ab97ce403110664 -> 
  custom:video-codec-MediaFoundation-h265: 746d11721c4dcdbdad8f713fa42b33f4 -> 
  custom:audio-encoder-webm-vorbis: bf7c407c2cedff20999df2af8eb42d56 -> 
  custom:framework-win-MediaFoundation: 216162199b28c13a410421893ffa2e32 -> 
  custom:container-demuxer-ogg: 62fdf1f143b41e24485cea50d1cbac27 -> 
  custom:video-decoder-webm-vp8: 9c59270c3fd7afecdb556c50c9e8de78 -> 
  custom:audio-decoder-ogg-vorbis: bf7c407c2cedff20999df2af8eb42d56 -> 
========================================================================
Received Prepare
Registering precompiled user dll's ...
Registered in 0.003321 seconds.
Begin MonoManager ReloadAssembly
Symbol file LoadedFromMemory doesn't match image D:\Unity自作ゲーム\2023_Spring\Library\PackageCache\com.unity.visualscripting@1.7.8\Editor\VisualScripting.Core\Dependencies\YamlDotNet\Unity.VisualScripting.YamlDotNet.dll
Symbol file LoadedFromMemory doesn't match image D:\Unity自作ゲーム\2023_Spring\Library\PackageCache\com.unity.visualscripting@1.7.8\Editor\VisualScripting.Core\Dependencies\DotNetZip\Unity.VisualScripting.IonicZip.dll
Native extension for WindowsStandalone target not found
Refreshing native plugins compatible for Editor in 0.81 ms, found 3 plugins.
Preloading 0 native plugins for Editor in 0.00 ms.
Mono: successfully reloaded assembly
- Completed reload, in  0.790 seconds
Domain Reload Profiling:
	ReloadAssembly (790ms)
		BeginReloadAssembly (104ms)
			ExecutionOrderSort (0ms)
			DisableScriptedObjects (3ms)
			BackupInstance (0ms)
			ReleaseScriptingObjects (0ms)
			CreateAndSetChildDomain (31ms)
		EndReloadAssembly (617ms)
			LoadAssemblies (64ms)
			RebuildTransferFunctionScriptingTraits (0ms)
			SetupTypeCache (204ms)
			ReleaseScriptCaches (2ms)
			RebuildScriptCaches (37ms)
			SetupLoadedEditorAssemblies (276ms)
				LogAssemblyErrors (0ms)
				InitializePlatformSupportModulesInManaged (9ms)
				SetLoadedEditorAssemblies (0ms)
				RefreshPlugins (1ms)
				BeforeProcessingInitializeOnLoad (49ms)
				ProcessInitializeOnLoadAttributes (191ms)
				ProcessInitializeOnLoadMethodAttributes (23ms)
				AfterProcessingInitializeOnLoad (2ms)
				EditorAssembliesLoaded (0ms)
			ExecutionOrderSort2 (0ms)
			AwakeInstancesAfterBackupRestoration (6ms)
Platform modules already initialized, skipping
Refreshing native plugins compatible for Editor in 2.13 ms, found 3 plugins.
Preloading 0 native plugins for Editor in 0.00 ms.
Unloading 3545 Unused Serialized files (Serialized files now loaded: 0)
Unloading 21 unused Assets / (152.1 KB). Loaded Objects now: 4186.
Memory consumption went from 134.8 MB to 134.7 MB.
Total: 3.484300 ms (FindLiveObjects: 0.345400 ms CreateObjectMapping: 0.151100 ms MarkObjects: 2.855300 ms  DeleteObjects: 0.131500 ms)

AssetImportParameters requested are different than current active one (requested -> active):
  custom:video-decoder-ogg-theora: a1e56fd34408186e4bbccfd4996cb3dc -> 
  custom:container-muxer-webm: aa71ff27fc2769a1b78a27578f13a17b -> 
  custom:container-demuxer-webm: 4f35f7cbe854078d1ac9338744f61a02 -> 
  custom:video-encoder-webm-vp8: eb34c28f22e8b96e1ab97ce403110664 -> 
  custom:video-codec-MediaFoundation-h265: 746d11721c4dcdbdad8f713fa42b33f4 -> 
  custom:audio-encoder-webm-vorbis: bf7c407c2cedff20999df2af8eb42d56 -> 
  custom:framework-win-MediaFoundation: 216162199b28c13a410421893ffa2e32 -> 
  custom:container-demuxer-ogg: 62fdf1f143b41e24485cea50d1cbac27 -> 
  custom:video-decoder-webm-vp8: 9c59270c3fd7afecdb556c50c9e8de78 -> 
  custom:audio-decoder-ogg-vorbis: bf7c407c2cedff20999df2af8eb42d56 -> 
========================================================================
Received Prepare
Registering precompiled user dll's ...
Registered in 0.004717 seconds.
Begin MonoManager ReloadAssembly
Symbol file LoadedFromMemory doesn't match image D:\Unity自作ゲーム\2023_Spring\Library\PackageCache\com.unity.visualscripting@1.7.8\Editor\VisualScripting.Core\Dependencies\YamlDotNet\Unity.VisualScripting.YamlDotNet.dll
Symbol file LoadedFromMemory doesn't match image D:\Unity自作ゲーム\2023_Spring\Library\PackageCache\com.unity.visualscripting@1.7.8\Editor\VisualScripting.Core\Dependencies\DotNetZip\Unity.VisualScripting.IonicZip.dll
Native extension for WindowsStandalone target not found
Refreshing native plugins compatible for Editor in 0.63 ms, found 3 plugins.
Preloading 0 native plugins for Editor in 0.00 ms.
Mono: successfully reloaded assembly
- Completed reload, in  0.780 seconds
Domain Reload Profiling:
	ReloadAssembly (781ms)
		BeginReloadAssembly (101ms)
			ExecutionOrderSort (0ms)
			DisableScriptedObjects (3ms)
			BackupInstance (0ms)
			ReleaseScriptingObjects (0ms)
			CreateAndSetChildDomain (30ms)
		EndReloadAssembly (608ms)
			LoadAssemblies (61ms)
			RebuildTransferFunctionScriptingTraits (0ms)
			SetupTypeCache (207ms)
			ReleaseScriptCaches (2ms)
			RebuildScriptCaches (36ms)
			SetupLoadedEditorAssemblies (270ms)
				LogAssemblyErrors (0ms)
				InitializePlatformSupportModulesInManaged (10ms)
				SetLoadedEditorAssemblies (0ms)
				RefreshPlugins (1ms)
				BeforeProcessingInitializeOnLoad (51ms)
				ProcessInitializeOnLoadAttributes (183ms)
				ProcessInitializeOnLoadMethodAttributes (23ms)
				AfterProcessingInitializeOnLoad (2ms)
				EditorAssembliesLoaded (0ms)
			ExecutionOrderSort2 (0ms)
			AwakeInstancesAfterBackupRestoration (5ms)
Platform modules already initialized, skipping
Refreshing native plugins compatible for Editor in 2.40 ms, found 3 plugins.
Preloading 0 native plugins for Editor in 0.00 ms.
Unloading 3545 Unused Serialized files (Serialized files now loaded: 0)
Unloading 21 unused Assets / (152.1 KB). Loaded Objects now: 4201.
Memory consumption went from 134.8 MB to 134.7 MB.
Total: 3.156900 ms (FindLiveObjects: 0.313000 ms CreateObjectMapping: 0.110200 ms MarkObjects: 2.589900 ms  DeleteObjects: 0.142500 ms)

AssetImportParameters requested are different than current active one (requested -> active):
  custom:video-decoder-ogg-theora: a1e56fd34408186e4bbccfd4996cb3dc -> 
  custom:container-muxer-webm: aa71ff27fc2769a1b78a27578f13a17b -> 
  custom:container-demuxer-webm: 4f35f7cbe854078d1ac9338744f61a02 -> 
  custom:video-encoder-webm-vp8: eb34c28f22e8b96e1ab97ce403110664 -> 
  custom:video-codec-MediaFoundation-h265: 746d11721c4dcdbdad8f713fa42b33f4 -> 
  custom:audio-encoder-webm-vorbis: bf7c407c2cedff20999df2af8eb42d56 -> 
  custom:framework-win-MediaFoundation: 216162199b28c13a410421893ffa2e32 -> 
  custom:container-demuxer-ogg: 62fdf1f143b41e24485cea50d1cbac27 -> 
  custom:video-decoder-webm-vp8: 9c59270c3fd7afecdb556c50c9e8de78 -> 
  custom:audio-decoder-ogg-vorbis: bf7c407c2cedff20999df2af8eb42d56 -> 
========================================================================
Received Import Request.
  Time since last request: 240.693037 seconds.
  path: Assets/Main Camera Blends.asset
  artifactKey: Guid(1c71d893676f8194a8afcbd3682ca2c9) Importer(815301076,1909f56bfc062723c751e8b465ee728b)
Start importing Assets/Main Camera Blends.asset using Guid(1c71d893676f8194a8afcbd3682ca2c9) Importer(815301076,1909f56bfc062723c751e8b465ee728b)  -> (artifact id: 'ad1bf50b62852590ebb5c9c857ae632f') in 0.016479 seconds 
========================================================================
Received Import Request.
  Time since last request: 10.887125 seconds.
  path: Assets/DavePixel/PirateCoin/Models
  artifactKey: Guid(aa759fa78c05cbc4fa01b5f6f4005ebf) Importer(815301076,1909f56bfc062723c751e8b465ee728b)
Start importing Assets/DavePixel/PirateCoin/Models using Guid(aa759fa78c05cbc4fa01b5f6f4005ebf) Importer(815301076,1909f56bfc062723c751e8b465ee728b)  -> (artifact id: '18b5fb107005d9c45c4bbd4cbfacbb00') in 0.001089 seconds 
========================================================================
Received Import Request.
  Time since last request: 0.105406 seconds.
  path: Assets/DavePixel/PirateCoin/Models/PirateCoin.fbx
  artifactKey: Guid(f48a1b3e05cf7d94f9ec9b272c050643) Importer(815301076,1909f56bfc062723c751e8b465ee728b)
Start importing Assets/DavePixel/PirateCoin/Models/PirateCoin.fbx using Guid(f48a1b3e05cf7d94f9ec9b272c050643) Importer(815301076,1909f56bfc062723c751e8b465ee728b)  -> (artifact id: 'e03ba141efa7c097374ad4ca0a3469c6') in 0.098543 seconds 
========================================================================
Received Import Request.
  Time since last request: 1.518167 seconds.
  path: Assets/DavePixel/PirateCoin/Materials
  artifactKey: Guid(92d67a6743545ce42aff6751fee9ee31) Importer(815301076,1909f56bfc062723c751e8b465ee728b)
Start importing Assets/DavePixel/PirateCoin/Materials using Guid(92d67a6743545ce42aff6751fee9ee31) Importer(815301076,1909f56bfc062723c751e8b465ee728b)  -> (artifact id: 'eb1e8c6ed7ba301e1d100bcaab7e3ad2') in 0.001148 seconds 
========================================================================
Received Import Request.
  Time since last request: 0.103053 seconds.
  path: Assets/DavePixel/PirateCoin/Materials/Brass.mat
  artifactKey: Guid(d1cd4e374989edf4a9cdf2626ff507da) Importer(815301076,1909f56bfc062723c751e8b465ee728b)
Start importing Assets/DavePixel/PirateCoin/Materials/Brass.mat using Guid(d1cd4e374989edf4a9cdf2626ff507da) Importer(815301076,1909f56bfc062723c751e8b465ee728b)  -> (artifact id: '03bac13d5c5aa6005290b98a95ca7928') in 0.031723 seconds 
========================================================================
Received Import Request.
  Time since last request: 0.000018 seconds.
  path: Assets/DavePixel/PirateCoin/Materials/Silver.mat
  artifactKey: Guid(7943be8f14bf620439377a61014df5d4) Importer(815301076,1909f56bfc062723c751e8b465ee728b)
Start importing Assets/DavePixel/PirateCoin/Materials/Silver.mat using Guid(7943be8f14bf620439377a61014df5d4) Importer(815301076,1909f56bfc062723c751e8b465ee728b)  -> (artifact id: 'fcb05e6eb2cefec650303ce167dd1c81') in 0.010569 seconds 
========================================================================
Received Import Request.
  Time since last request: 0.000026 seconds.
  path: Assets/DavePixel/PirateCoin/Materials/Gold.mat
  artifactKey: Guid(3712460f643bb3147889765d028e1c84) Importer(815301076,1909f56bfc062723c751e8b465ee728b)
Start importing Assets/DavePixel/PirateCoin/Materials/Gold.mat using Guid(3712460f643bb3147889765d028e1c84) Importer(815301076,1909f56bfc062723c751e8b465ee728b)  -> (artifact id: '10cfce99c586978fb7a1f44155172ea4') in 0.020786 seconds 
========================================================================
Received Import Request.
  Time since last request: 2.208247 seconds.
  path: Assets/DavePixel/PirateCoin/Demo
  artifactKey: Guid(75c451c4b1790b74fae375bb0e818515) Importer(815301076,1909f56bfc062723c751e8b465ee728b)
Start importing Assets/DavePixel/PirateCoin/Demo using Guid(75c451c4b1790b74fae375bb0e818515) Importer(815301076,1909f56bfc062723c751e8b465ee728b)  -> (artifact id: '0e3dcd5684c3e7cf17d830dffbe06803') in 0.001414 seconds 
========================================================================
Received Import Request.
  Time since last request: 1.078326 seconds.
  path: Assets/DavePixel/PirateCoin/Demo/Texture
  artifactKey: Guid(8c0cc2110bfdc0b4e886bce9ecdc8242) Importer(815301076,1909f56bfc062723c751e8b465ee728b)
Start importing Assets/DavePixel/PirateCoin/Demo/Texture using Guid(8c0cc2110bfdc0b4e886bce9ecdc8242) Importer(815301076,1909f56bfc062723c751e8b465ee728b)  -> (artifact id: 'f7916bd779547e28e3178fb27fa9cf4e') in 0.001220 seconds 
========================================================================
Received Import Request.
  Time since last request: 0.478599 seconds.
  path: Assets/DavePixel/PirateCoin/Demo/Texture/NormalMap (1).png
  artifactKey: Guid(a5545a84b102ffa4a8a3b6ff6ec33afc) Importer(815301076,1909f56bfc062723c751e8b465ee728b)
Start importing Assets/DavePixel/PirateCoin/Demo/Texture/NormalMap (1).png using Guid(a5545a84b102ffa4a8a3b6ff6ec33afc) Importer(815301076,1909f56bfc062723c751e8b465ee728b)  -> (artifact id: '186525d962a8e9d73a0d97e35b1ab50e') in 0.024613 seconds 
========================================================================
Received Import Request.
  Time since last request: 3.734278 seconds.
  path: Assets/DavePixel/PirateCoin/Demo/Material
  artifactKey: Guid(85601ba15348aa440b828edba9e81d63) Importer(815301076,1909f56bfc062723c751e8b465ee728b)
Start importing Assets/DavePixel/PirateCoin/Demo/Material using Guid(85601ba15348aa440b828edba9e81d63) Importer(815301076,1909f56bfc062723c751e8b465ee728b)  -> (artifact id: '6b3bb2a36c352a9ea37063c9832d5595') in 0.001004 seconds 
========================================================================
Received Import Request.
  Time since last request: 0.570183 seconds.
  path: Assets/DavePixel/PirateCoin/Demo/Material/Table.mat
  artifactKey: Guid(9468d79c75c790d4996fabf2511e98c4) Importer(815301076,1909f56bfc062723c751e8b465ee728b)
Start importing Assets/DavePixel/PirateCoin/Demo/Material/Table.mat using Guid(9468d79c75c790d4996fabf2511e98c4) Importer(815301076,1909f56bfc062723c751e8b465ee728b)  -> (artifact id: '38a0db064040131747746f6c28b8aa2d') in 0.082734 seconds 
========================================================================
Received Import Request.
  Time since last request: 1.686932 seconds.
  path: Assets/DavePixel/PirateCoin/Demo/Demo
  artifactKey: Guid(87c825c1d0d8de041a38170bd75141c8) Importer(815301076,1909f56bfc062723c751e8b465ee728b)
Start importing Assets/DavePixel/PirateCoin/Demo/Demo using Guid(87c825c1d0d8de041a38170bd75141c8) Importer(815301076,1909f56bfc062723c751e8b465ee728b)  -> (artifact id: '9092801fce84eff725f6817a80a59d2b') in 0.000979 seconds 
========================================================================
Received Import Request.
  Time since last request: 0.069841 seconds.
  path: Assets/DavePixel/PirateCoin/Demo/Demo/LightingData.asset
  artifactKey: Guid(b1e5d239cea4b4344808117e5cfb6dbe) Importer(815301076,1909f56bfc062723c751e8b465ee728b)
Start importing Assets/DavePixel/PirateCoin/Demo/Demo/LightingData.asset using Guid(b1e5d239cea4b4344808117e5cfb6dbe) Importer(815301076,1909f56bfc062723c751e8b465ee728b)  -> (artifact id: 'dcb8c2faf9b85b5e135d927b6a31a418') in 0.003228 seconds 
========================================================================
Received Import Request.
  Time since last request: 8.947941 seconds.
  path: Assets/DavePixel/PirateCoin HDRP
  artifactKey: Guid(4e91082499445994e898d01e3605fc1e) Importer(815301076,1909f56bfc062723c751e8b465ee728b)
Start importing Assets/DavePixel/PirateCoin HDRP using Guid(4e91082499445994e898d01e3605fc1e) Importer(815301076,1909f56bfc062723c751e8b465ee728b)  -> (artifact id: 'f2991bcb6b81b9c63fcea6a4bd135a32') in 0.001297 seconds 
========================================================================
Received Import Request.
  Time since last request: 0.906459 seconds.
  path: Assets/DavePixel/PirateCoin HDRP/Materials
  artifactKey: Guid(189bf4d930e643c4fadc8a3e8d7af653) Importer(815301076,1909f56bfc062723c751e8b465ee728b)
Start importing Assets/DavePixel/PirateCoin HDRP/Materials using Guid(189bf4d930e643c4fadc8a3e8d7af653) Importer(815301076,1909f56bfc062723c751e8b465ee728b)  -> (artifact id: '956387ebd5e49a5fbd03b34c8fa9cadf') in 0.000832 seconds 
========================================================================
Received Import Request.
  Time since last request: 0.314571 seconds.
  path: Assets/DavePixel/PirateCoin HDRP/Models
  artifactKey: Guid(c27a61569a2ea2440b77664428562e1d) Importer(815301076,1909f56bfc062723c751e8b465ee728b)
Start importing Assets/DavePixel/PirateCoin HDRP/Models using Guid(c27a61569a2ea2440b77664428562e1d) Importer(815301076,1909f56bfc062723c751e8b465ee728b)  -> (artifact id: '0bb3179a9e963018477692f9fb589783') in 0.000974 seconds 
========================================================================
Received Import Request.
  Time since last request: 0.252786 seconds.
  path: Assets/DavePixel/PirateCoin HDRP/Prefabs
  artifactKey: Guid(6735b7cc9621a4d45869f66474c5678c) Importer(815301076,1909f56bfc062723c751e8b465ee728b)
Start importing Assets/DavePixel/PirateCoin HDRP/Prefabs using Guid(6735b7cc9621a4d45869f66474c5678c) Importer(815301076,1909f56bfc062723c751e8b465ee728b)  -> (artifact id: '7c1afb3bb81c910d74c4fead5b7da347') in 0.000897 seconds 
========================================================================
Received Import Request.
  Time since last request: 0.264067 seconds.
  path: Assets/DavePixel/PirateCoin HDRP/Textures
  artifactKey: Guid(d97f43bba1cbcad469cad8b69c0e425c) Importer(815301076,1909f56bfc062723c751e8b465ee728b)
Start importing Assets/DavePixel/PirateCoin HDRP/Textures using Guid(d97f43bba1cbcad469cad8b69c0e425c) Importer(815301076,1909f56bfc062723c751e8b465ee728b)  -> (artifact id: '131f03263938ea6f26163a4038d8baea') in 0.000908 seconds 
========================================================================
Received Import Request.
  Time since last request: 1.738714 seconds.
  path: Assets/DavePixel/PirateCoin HDRP/Textures/Gold
  artifactKey: Guid(0ef4af91bf4e23946b160f4b78857733) Importer(815301076,1909f56bfc062723c751e8b465ee728b)
Start importing Assets/DavePixel/PirateCoin HDRP/Textures/Gold using Guid(0ef4af91bf4e23946b160f4b78857733) Importer(815301076,1909f56bfc062723c751e8b465ee728b)  -> (artifact id: '3530ea99898f1b4cf34eae79e199b803') in 0.000988 seconds 
========================================================================
Received Import Request.
  Time since last request: 0.167121 seconds.
  path: Assets/DavePixel/PirateCoin HDRP/Textures/Gold/Gold_BaseMap.png
  artifactKey: Guid(5fbe78f5328444d42b2d5fc249b57875) Importer(815301076,1909f56bfc062723c751e8b465ee728b)
Start importing Assets/DavePixel/PirateCoin HDRP/Textures/Gold/Gold_BaseMap.png using Guid(5fbe78f5328444d42b2d5fc249b57875) Importer(815301076,1909f56bfc062723c751e8b465ee728b)  -> (artifact id: '9f2341b9ab82c9713533ffc8868d72c3') in 0.014876 seconds 
========================================================================
Received Import Request.
  Time since last request: 3.226248 seconds.
  path: Assets/DavePixel/PirateCoin HDRP/Textures/DarkGold
  artifactKey: Guid(5ccbf4ccd6f5b9642bc7bc6773fedcc7) Importer(815301076,1909f56bfc062723c751e8b465ee728b)
Start importing Assets/DavePixel/PirateCoin HDRP/Textures/DarkGold using Guid(5ccbf4ccd6f5b9642bc7bc6773fedcc7) Importer(815301076,1909f56bfc062723c751e8b465ee728b)  -> (artifact id: 'eb5ffacd777b8ddf546a2b9612edc9eb') in 0.000906 seconds 
========================================================================
Received Import Request.
  Time since last request: 1.274193 seconds.
  path: Assets/DavePixel/PirateCoin HDRP/Models/PirateCoin.fbx
  artifactKey: Guid(5d0dbe9cd045eb6458b6aa0a6ffc0235) Importer(815301076,1909f56bfc062723c751e8b465ee728b)
Start importing Assets/DavePixel/PirateCoin HDRP/Models/PirateCoin.fbx using Guid(5d0dbe9cd045eb6458b6aa0a6ffc0235) Importer(815301076,1909f56bfc062723c751e8b465ee728b)  -> (artifact id: '69b199610567b898022983f149bef076') in 0.012209 seconds 
========================================================================
Received Import Request.
  Time since last request: 1.335677 seconds.
  path: Assets/DavePixel/PirateCoin HDRP/Prefabs/PirateCoin (Brass) Variant.prefab
  artifactKey: Guid(aaf4d10f8ca010c4bb365c4b3fd08bc7) Importer(815301076,1909f56bfc062723c751e8b465ee728b)
Start importing Assets/DavePixel/PirateCoin HDRP/Prefabs/PirateCoin (Brass) Variant.prefab using Guid(aaf4d10f8ca010c4bb365c4b3fd08bc7) Importer(815301076,1909f56bfc062723c751e8b465ee728b)  -> (artifact id: 'e28b45f2d62d2c8e567087f992529fca') in 0.012204 seconds 
========================================================================
Received Import Request.
  Time since last request: 0.000015 seconds.
  path: Assets/DavePixel/PirateCoin HDRP/Prefabs/PirateCoin (Silver) Variant.prefab
  artifactKey: Guid(3d707ce65015cee4190386624e1c0713) Importer(815301076,1909f56bfc062723c751e8b465ee728b)
Start importing Assets/DavePixel/PirateCoin HDRP/Prefabs/PirateCoin (Silver) Variant.prefab using Guid(3d707ce65015cee4190386624e1c0713) Importer(815301076,1909f56bfc062723c751e8b465ee728b)  -> (artifact id: 'b77ace5c2d7edda52c41ad4b86af0490') in 0.009723 seconds 
========================================================================
Received Import Request.
  Time since last request: 2.650244 seconds.
  path: Assets/DavePixel/PirateCoin HDRP/Demo
  artifactKey: Guid(0d4b22471b4162f47bae2565a5bad932) Importer(815301076,1909f56bfc062723c751e8b465ee728b)
Start importing Assets/DavePixel/PirateCoin HDRP/Demo using Guid(0d4b22471b4162f47bae2565a5bad932) Importer(815301076,1909f56bfc062723c751e8b465ee728b)  -> (artifact id: '4051471e210dc4535b6fd8eb6feefaf8') in 0.000958 seconds 
========================================================================
Received Import Request.
  Time since last request: 0.101992 seconds.
  path: Assets/DavePixel/PirateCoin HDRP/Demo/New HDRenderPipelineAsset.asset
  artifactKey: Guid(2f0d8cf933c25a94184a24995cb8cdfb) Importer(815301076,1909f56bfc062723c751e8b465ee728b)
Start importing Assets/DavePixel/PirateCoin HDRP/Demo/New HDRenderPipelineAsset.asset using Guid(2f0d8cf933c25a94184a24995cb8cdfb) Importer(815301076,1909f56bfc062723c751e8b465ee728b)  -> (artifact id: '0ab5a4f5af153111576598e1907a254b') in 0.002111 seconds 
========================================================================
Received Import Request.
  Time since last request: 0.665821 seconds.
  path: Assets/DavePixel/PirateCoin HDRP/Demo/Texture
  artifactKey: Guid(35c7a2f0c0fda2c499ec5782ab0d930e) Importer(815301076,1909f56bfc062723c751e8b465ee728b)
Start importing Assets/DavePixel/PirateCoin HDRP/Demo/Texture using Guid(35c7a2f0c0fda2c499ec5782ab0d930e) Importer(815301076,1909f56bfc062723c751e8b465ee728b)  -> (artifact id: '72f75cc73cf19ca64bf02665a4e73914') in 0.001010 seconds 
========================================================================
Received Import Request.
  Time since last request: 0.046260 seconds.
  path: Assets/DavePixel/PirateCoin HDRP/Demo/Texture/NormalMap (1).png
  artifactKey: Guid(6006c1ae9386cf8478a963f37282c421) Importer(815301076,1909f56bfc062723c751e8b465ee728b)
Start importing Assets/DavePixel/PirateCoin HDRP/Demo/Texture/NormalMap (1).png using Guid(6006c1ae9386cf8478a963f37282c421) Importer(815301076,1909f56bfc062723c751e8b465ee728b)  -> (artifact id: '52147806fbcbfb4bcf773964541f3237') in 0.013729 seconds 
========================================================================
Received Import Request.
  Time since last request: 5.990062 seconds.
  path: Assets/DavePixel/PirateCoin/Textures
  artifactKey: Guid(2a70856fe8e576b428dc7bb2e6ba3ea8) Importer(815301076,1909f56bfc062723c751e8b465ee728b)
Start importing Assets/DavePixel/PirateCoin/Textures using Guid(2a70856fe8e576b428dc7bb2e6ba3ea8) Importer(815301076,1909f56bfc062723c751e8b465ee728b)  -> (artifact id: '9244b4621d3e13b8040fc6e34389876f') in 0.001008 seconds 
========================================================================
Received Import Request.
  Time since last request: 0.825933 seconds.
  path: Assets/DavePixel/PirateCoin/Textures/Gold
  artifactKey: Guid(232b61756cfcc334981b9187e0f9ceb6) Importer(815301076,1909f56bfc062723c751e8b465ee728b)
Start importing Assets/DavePixel/PirateCoin/Textures/Gold using Guid(232b61756cfcc334981b9187e0f9ceb6) Importer(815301076,1909f56bfc062723c751e8b465ee728b)  -> (artifact id: 'e2546b5f60b51a7e538dfc593a82e06a') in 0.000934 seconds 
========================================================================
Received Import Request.
  Time since last request: 0.263835 seconds.
  path: Assets/DavePixel/PirateCoin/Textures/Silver
  artifactKey: Guid(efa846441756f2946b266d96dc76fb0f) Importer(815301076,1909f56bfc062723c751e8b465ee728b)
Start importing Assets/DavePixel/PirateCoin/Textures/Silver using Guid(efa846441756f2946b266d96dc76fb0f) Importer(815301076,1909f56bfc062723c751e8b465ee728b)  -> (artifact id: 'a9e94ec04fa5d0008f1a36aa4e4d66a5') in 0.000995 seconds 
========================================================================
Received Import Request.
  Time since last request: 0.617236 seconds.
  path: Assets/DavePixel/PirateCoin/Textures/DarkGold
  artifactKey: Guid(0951b078a4f2ede4c93b12eb90c2dd1d) Importer(815301076,1909f56bfc062723c751e8b465ee728b)
Start importing Assets/DavePixel/PirateCoin/Textures/DarkGold using Guid(0951b078a4f2ede4c93b12eb90c2dd1d) Importer(815301076,1909f56bfc062723c751e8b465ee728b)  -> (artifact id: '710d2dd94248a981cd4d5186137f8f6b') in 0.000880 seconds 
========================================================================
Received Import Request.
  Time since last request: 0.703719 seconds.
  path: Assets/DavePixel/PirateCoin/Textures/Gold/Coin_Low_lambert1_BaseColor.png
  artifactKey: Guid(d75cfc5cdfb618848ba81efaf20ab2be) Importer(815301076,1909f56bfc062723c751e8b465ee728b)
Start importing Assets/DavePixel/PirateCoin/Textures/Gold/Coin_Low_lambert1_BaseColor.png using Guid(d75cfc5cdfb618848ba81efaf20ab2be) Importer(815301076,1909f56bfc062723c751e8b465ee728b)  -> (artifact id: 'fa7b7d13e1e81783aae5f1877f671c45') in 0.007555 seconds 
========================================================================
Received Import Request.
  Time since last request: 0.000021 seconds.
  path: Assets/DavePixel/PirateCoin/Textures/Gold/Coin_Low_lambert1_Normal.png
  artifactKey: Guid(8e29d1c485dc4ed40a442b9f4bf9fd8e) Importer(815301076,1909f56bfc062723c751e8b465ee728b)
Start importing Assets/DavePixel/PirateCoin/Textures/Gold/Coin_Low_lambert1_Normal.png using Guid(8e29d1c485dc4ed40a442b9f4bf9fd8e) Importer(815301076,1909f56bfc062723c751e8b465ee728b)  -> (artifact id: '0003d98207285c0450f705add544c626') in 0.012768 seconds 
Editor requested this worker to shutdown with reason: Scaling down because of idle timeout
AssetImportWorker is now disconnected from the server
Process exiting
Exiting without the bug reporter. Application will terminate with return code 0